{
  "C:\\Users\\HP\\research-collab-system\\backend\\src\\app.js": {
    "path": "C:\\Users\\HP\\research-collab-system\\backend\\src\\app.js",
    "statementMap": {
      "0": {
        "start": { "line": 1, "column": 16 },
        "end": { "line": 1, "column": 34 }
      },
      "1": {
        "start": { "line": 2, "column": 13 },
        "end": { "line": 2, "column": 28 }
      },
      "2": {
        "start": { "line": 3, "column": 15 },
        "end": { "line": 3, "column": 32 }
      },
      "3": {
        "start": { "line": 5, "column": 15 },
        "end": { "line": 5, "column": 34 }
      },
      "4": {
        "start": { "line": 6, "column": 25 },
        "end": { "line": 6, "column": 62 }
      },
      "5": {
        "start": { "line": 7, "column": 26 },
        "end": { "line": 7, "column": 64 }
      },
      "6": {
        "start": { "line": 9, "column": 12 },
        "end": { "line": 9, "column": 21 }
      },
      "7": {
        "start": { "line": 10, "column": 18 },
        "end": { "line": 10, "column": 47 }
      },
      "8": {
        "start": { "line": 11, "column": 24 },
        "end": { "line": 11, "column": 49 }
      },
      "9": {
        "start": { "line": 13, "column": 0 },
        "end": { "line": 13, "column": 16 }
      },
      "10": {
        "start": { "line": 14, "column": 0 },
        "end": { "line": 14, "column": 24 }
      },
      "11": {
        "start": { "line": 15, "column": 0 },
        "end": { "line": 15, "column": 68 }
      },
      "12": {
        "start": { "line": 16, "column": 0 },
        "end": { "line": 16, "column": 63 }
      },
      "13": {
        "start": { "line": 16, "column": 40 },
        "end": { "line": 16, "column": 61 }
      },
      "14": {
        "start": { "line": 19, "column": 0 },
        "end": { "line": 19, "column": 23 }
      },
      "15": {
        "start": { "line": 22, "column": 0 },
        "end": { "line": 24, "column": 1 }
      },
      "16": {
        "start": { "line": 23, "column": 2 },
        "end": { "line": 23, "column": 25 }
      },
      "17": {
        "start": { "line": 47, "column": 0 },
        "end": { "line": 49, "column": 3 }
      },
      "18": {
        "start": { "line": 48, "column": 2 },
        "end": { "line": 48, "column": 65 }
      },
      "19": {
        "start": { "line": 52, "column": 0 },
        "end": { "line": 52, "column": 24 }
      },
      "20": {
        "start": { "line": 55, "column": 0 },
        "end": { "line": 55, "column": 22 }
      },
      "21": {
        "start": { "line": 57, "column": 0 },
        "end": { "line": 57, "column": 21 }
      }
    },
    "fnMap": {
      "0": {
        "name": "(anonymous_0)",
        "decl": {
          "start": { "line": 16, "column": 26 },
          "end": { "line": 16, "column": 27 }
        },
        "loc": {
          "start": { "line": 16, "column": 40 },
          "end": { "line": 16, "column": 61 }
        },
        "line": 16
      },
      "1": {
        "name": "(anonymous_1)",
        "decl": {
          "start": { "line": 47, "column": 19 },
          "end": { "line": 47, "column": 20 }
        },
        "loc": {
          "start": { "line": 47, "column": 33 },
          "end": { "line": 49, "column": 1 }
        },
        "line": 47
      }
    },
    "branchMap": {
      "0": {
        "loc": {
          "start": { "line": 22, "column": 0 },
          "end": { "line": 24, "column": 1 }
        },
        "type": "if",
        "locations": [
          {
            "start": { "line": 22, "column": 0 },
            "end": { "line": 24, "column": 1 }
          },
          { "start": {}, "end": {} }
        ],
        "line": 22
      }
    },
    "s": {
      "0": 10,
      "1": 10,
      "2": 10,
      "3": 10,
      "4": 10,
      "5": 10,
      "6": 10,
      "7": 10,
      "8": 10,
      "9": 10,
      "10": 10,
      "11": 10,
      "12": 10,
      "13": 1,
      "14": 10,
      "15": 10,
      "16": 10,
      "17": 10,
      "18": 1,
      "19": 10,
      "20": 10,
      "21": 10
    },
    "f": { "0": 1, "1": 1 },
    "b": { "0": [10, 0] },
    "_coverageSchema": "1a1c01bbd47fc00a2c39e90264f33305004495a9",
    "hash": "4759c918282c523eac13599951da7f3f4b41ae10"
  },
  "C:\\Users\\HP\\research-collab-system\\backend\\src\\logger.js": {
    "path": "C:\\Users\\HP\\research-collab-system\\backend\\src\\logger.js",
    "statementMap": {
      "0": {
        "start": { "line": 1, "column": 45 },
        "end": { "line": 1, "column": 63 }
      },
      "1": {
        "start": { "line": 3, "column": 15 },
        "end": { "line": 3, "column": 52 }
      },
      "2": {
        "start": { "line": 5, "column": 15 },
        "end": { "line": 18, "column": 2 }
      },
      "3": {
        "start": { "line": 13, "column": 12 },
        "end": { "line": 13, "column": 78 }
      },
      "4": {
        "start": { "line": 14, "column": 10 },
        "end": { "line": 14, "column": 79 }
      },
      "5": {
        "start": { "line": 20, "column": 0 },
        "end": { "line": 20, "column": 28 }
      }
    },
    "fnMap": {
      "0": {
        "name": "(anonymous_0)",
        "decl": {
          "start": { "line": 11, "column": 22 },
          "end": { "line": 11, "column": 23 }
        },
        "loc": {
          "start": { "line": 11, "column": 66 },
          "end": { "line": 15, "column": 9 }
        },
        "line": 11
      }
    },
    "branchMap": {
      "0": {
        "loc": {
          "start": { "line": 6, "column": 9 },
          "end": { "line": 6, "column": 40 }
        },
        "type": "binary-expr",
        "locations": [
          {
            "start": { "line": 6, "column": 9 },
            "end": { "line": 6, "column": 30 }
          },
          {
            "start": { "line": 6, "column": 34 },
            "end": { "line": 6, "column": 40 }
          }
        ],
        "line": 6
      },
      "1": {
        "loc": {
          "start": { "line": 9, "column": 4 },
          "end": { "line": 15, "column": 10 }
        },
        "type": "cond-expr",
        "locations": [
          {
            "start": { "line": 10, "column": 8 },
            "end": { "line": 10, "column": 21 }
          },
          {
            "start": { "line": 11, "column": 8 },
            "end": { "line": 15, "column": 10 }
          }
        ],
        "line": 9
      },
      "2": {
        "loc": {
          "start": { "line": 13, "column": 12 },
          "end": { "line": 13, "column": 78 }
        },
        "type": "cond-expr",
        "locations": [
          {
            "start": { "line": 13, "column": 47 },
            "end": { "line": 13, "column": 73 }
          },
          {
            "start": { "line": 13, "column": 76 },
            "end": { "line": 13, "column": 78 }
          }
        ],
        "line": 13
      },
      "3": {
        "loc": {
          "start": { "line": 13, "column": 12 },
          "end": { "line": 13, "column": 44 }
        },
        "type": "binary-expr",
        "locations": [
          {
            "start": { "line": 13, "column": 12 },
            "end": { "line": 13, "column": 16 }
          },
          {
            "start": { "line": 13, "column": 20 },
            "end": { "line": 13, "column": 44 }
          }
        ],
        "line": 13
      }
    },
    "s": { "0": 10, "1": 10, "2": 10, "3": 36, "4": 36, "5": 10 },
    "f": { "0": 36 },
    "b": { "0": [10, 10], "1": [0, 10], "2": [36, 0], "3": [36, 36] },
    "_coverageSchema": "1a1c01bbd47fc00a2c39e90264f33305004495a9",
    "hash": "fae273eb8c8b10bfc97b9024ced22545ade32348"
  },
  "C:\\Users\\HP\\research-collab-system\\backend\\src\\controllers\\analytics.controller.js": {
    "path": "C:\\Users\\HP\\research-collab-system\\backend\\src\\controllers\\analytics.controller.js",
    "statementMap": {
      "0": {
        "start": { "line": 1, "column": 25 },
        "end": { "line": 1, "column": 57 }
      },
      "1": {
        "start": { "line": 2, "column": 21 },
        "end": { "line": 2, "column": 57 }
      },
      "2": {
        "start": { "line": 3, "column": 41 },
        "end": { "line": 3, "column": 77 }
      },
      "3": {
        "start": { "line": 6, "column": 2 },
        "end": { "line": 6, "column": 65 }
      },
      "4": {
        "start": { "line": 6, "column": 45 },
        "end": { "line": 6, "column": 65 }
      },
      "5": {
        "start": { "line": 7, "column": 2 },
        "end": { "line": 7, "column": 24 }
      },
      "6": {
        "start": { "line": 10, "column": 26 },
        "end": { "line": 56, "column": 2 }
      },
      "7": {
        "start": { "line": 11, "column": 14 },
        "end": { "line": 11, "column": 29 }
      },
      "8": {
        "start": { "line": 12, "column": 17 },
        "end": { "line": 12, "column": 48 }
      },
      "9": {
        "start": { "line": 14, "column": 4 },
        "end": { "line": 14, "column": 68 }
      },
      "10": {
        "start": { "line": 17, "column": 19 },
        "end": { "line": 17, "column": 61 }
      },
      "11": {
        "start": { "line": 20, "column": 17 },
        "end": { "line": 20, "column": 46 }
      },
      "12": {
        "start": { "line": 21, "column": 2 },
        "end": { "line": 26, "column": 3 }
      },
      "13": {
        "start": { "line": 22, "column": 4 },
        "end": { "line": 25, "column": 7 }
      },
      "14": {
        "start": { "line": 29, "column": 17 },
        "end": { "line": 36, "column": 3 }
      },
      "15": {
        "start": { "line": 38, "column": 17 },
        "end": { "line": 38, "column": 50 }
      },
      "16": {
        "start": { "line": 40, "column": 25 },
        "end": { "line": 45, "column": 5 }
      },
      "17": {
        "start": { "line": 40, "column": 54 },
        "end": { "line": 45, "column": 3 }
      },
      "18": {
        "start": { "line": 47, "column": 18 },
        "end": { "line": 47, "column": 43 }
      },
      "19": {
        "start": { "line": 50, "column": 2 },
        "end": { "line": 50, "column": 45 }
      },
      "20": {
        "start": { "line": 52, "column": 2 },
        "end": { "line": 55, "column": 5 }
      },
      "21": {
        "start": { "line": 58, "column": 0 },
        "end": { "line": 58, "column": 39 }
      }
    },
    "fnMap": {
      "0": {
        "name": "toJsNumber",
        "decl": {
          "start": { "line": 5, "column": 9 },
          "end": { "line": 5, "column": 19 }
        },
        "loc": {
          "start": { "line": 5, "column": 23 },
          "end": { "line": 8, "column": 1 }
        },
        "line": 5
      },
      "1": {
        "name": "(anonymous_1)",
        "decl": {
          "start": { "line": 10, "column": 39 },
          "end": { "line": 10, "column": 40 }
        },
        "loc": {
          "start": { "line": 10, "column": 59 },
          "end": { "line": 56, "column": 1 }
        },
        "line": 10
      },
      "2": {
        "name": "(anonymous_2)",
        "decl": {
          "start": { "line": 40, "column": 44 },
          "end": { "line": 40, "column": 45 }
        },
        "loc": {
          "start": { "line": 40, "column": 54 },
          "end": { "line": 45, "column": 3 }
        },
        "line": 40
      }
    },
    "branchMap": {
      "0": {
        "loc": {
          "start": { "line": 6, "column": 2 },
          "end": { "line": 6, "column": 65 }
        },
        "type": "if",
        "locations": [
          {
            "start": { "line": 6, "column": 2 },
            "end": { "line": 6, "column": 65 }
          },
          { "start": {}, "end": {} }
        ],
        "line": 6
      },
      "1": {
        "loc": {
          "start": { "line": 6, "column": 6 },
          "end": { "line": 6, "column": 43 }
        },
        "type": "binary-expr",
        "locations": [
          {
            "start": { "line": 6, "column": 6 },
            "end": { "line": 6, "column": 7 }
          },
          {
            "start": { "line": 6, "column": 11 },
            "end": { "line": 6, "column": 43 }
          }
        ],
        "line": 6
      },
      "2": {
        "loc": {
          "start": { "line": 7, "column": 16 },
          "end": { "line": 7, "column": 22 }
        },
        "type": "binary-expr",
        "locations": [
          {
            "start": { "line": 7, "column": 16 },
            "end": { "line": 7, "column": 17 }
          },
          {
            "start": { "line": 7, "column": 21 },
            "end": { "line": 7, "column": 22 }
          }
        ],
        "line": 7
      },
      "3": {
        "loc": {
          "start": { "line": 12, "column": 33 },
          "end": { "line": 12, "column": 43 }
        },
        "type": "binary-expr",
        "locations": [
          {
            "start": { "line": 12, "column": 33 },
            "end": { "line": 12, "column": 36 }
          },
          {
            "start": { "line": 12, "column": 40 },
            "end": { "line": 12, "column": 43 }
          }
        ],
        "line": 12
      },
      "4": {
        "loc": {
          "start": { "line": 14, "column": 4 },
          "end": { "line": 14, "column": 68 }
        },
        "type": "cond-expr",
        "locations": [
          {
            "start": { "line": 14, "column": 44 },
            "end": { "line": 14, "column": 64 }
          },
          {
            "start": { "line": 14, "column": 67 },
            "end": { "line": 14, "column": 68 }
          }
        ],
        "line": 14
      },
      "5": {
        "loc": {
          "start": { "line": 14, "column": 4 },
          "end": { "line": 14, "column": 41 }
        },
        "type": "binary-expr",
        "locations": [
          {
            "start": { "line": 14, "column": 4 },
            "end": { "line": 14, "column": 27 }
          },
          {
            "start": { "line": 14, "column": 31 },
            "end": { "line": 14, "column": 41 }
          }
        ],
        "line": 14
      },
      "6": {
        "loc": {
          "start": { "line": 21, "column": 2 },
          "end": { "line": 26, "column": 3 }
        },
        "type": "if",
        "locations": [
          {
            "start": { "line": 21, "column": 2 },
            "end": { "line": 26, "column": 3 }
          },
          { "start": {}, "end": {} }
        ],
        "line": 21
      }
    },
    "s": {
      "0": 11,
      "1": 11,
      "2": 11,
      "3": 1,
      "4": 0,
      "5": 1,
      "6": 11,
      "7": 3,
      "8": 3,
      "9": 3,
      "10": 3,
      "11": 3,
      "12": 3,
      "13": 2,
      "14": 1,
      "15": 1,
      "16": 1,
      "17": 1,
      "18": 1,
      "19": 1,
      "20": 1,
      "21": 11
    },
    "f": { "0": 1, "1": 3, "2": 1 },
    "b": {
      "0": [0, 1],
      "1": [1, 1],
      "2": [1, 0],
      "3": [3, 0],
      "4": [2, 1],
      "5": [3, 2],
      "6": [2, 1]
    },
    "_coverageSchema": "1a1c01bbd47fc00a2c39e90264f33305004495a9",
    "hash": "2313d2731ef1b1131b9db7804f39f1afac251a28"
  },
  "C:\\Users\\HP\\research-collab-system\\backend\\src\\controllers\\analyticsEvents.controller.js": {
    "path": "C:\\Users\\HP\\research-collab-system\\backend\\src\\controllers\\analyticsEvents.controller.js",
    "statementMap": {
      "0": {
        "start": { "line": 1, "column": 31 },
        "end": { "line": 1, "column": 77 }
      },
      "1": {
        "start": { "line": 4, "column": 2 },
        "end": { "line": 29, "column": 3 }
      },
      "2": {
        "start": { "line": 5, "column": 66 },
        "end": { "line": 5, "column": 74 }
      },
      "3": {
        "start": { "line": 7, "column": 4 },
        "end": { "line": 16, "column": 5 }
      },
      "4": {
        "start": { "line": 13, "column": 6 },
        "end": { "line": 15, "column": 9 }
      },
      "5": {
        "start": { "line": 18, "column": 4 },
        "end": { "line": 24, "column": 7 }
      },
      "6": {
        "start": { "line": 26, "column": 4 },
        "end": { "line": 26, "column": 73 }
      },
      "7": {
        "start": { "line": 28, "column": 4 },
        "end": { "line": 28, "column": 14 }
      },
      "8": {
        "start": { "line": 33, "column": 2 },
        "end": { "line": 40, "column": 3 }
      },
      "9": {
        "start": { "line": 34, "column": 29 },
        "end": { "line": 34, "column": 39 }
      },
      "10": {
        "start": { "line": 36, "column": 6 },
        "end": { "line": 36, "column": 70 }
      },
      "11": {
        "start": { "line": 37, "column": 4 },
        "end": { "line": 37, "column": 28 }
      },
      "12": {
        "start": { "line": 39, "column": 4 },
        "end": { "line": 39, "column": 14 }
      },
      "13": {
        "start": { "line": 44, "column": 2 },
        "end": { "line": 53, "column": 3 }
      },
      "14": {
        "start": { "line": 45, "column": 35 },
        "end": { "line": 45, "column": 45 }
      },
      "15": {
        "start": { "line": 46, "column": 19 },
        "end": { "line": 49, "column": 5 }
      },
      "16": {
        "start": { "line": 50, "column": 4 },
        "end": { "line": 50, "column": 28 }
      },
      "17": {
        "start": { "line": 52, "column": 4 },
        "end": { "line": 52, "column": 14 }
      },
      "18": {
        "start": { "line": 57, "column": 2 },
        "end": { "line": 66, "column": 3 }
      },
      "19": {
        "start": { "line": 58, "column": 41 },
        "end": { "line": 58, "column": 51 }
      },
      "20": {
        "start": { "line": 59, "column": 19 },
        "end": { "line": 62, "column": 5 }
      },
      "21": {
        "start": { "line": 63, "column": 4 },
        "end": { "line": 63, "column": 28 }
      },
      "22": {
        "start": { "line": 65, "column": 4 },
        "end": { "line": 65, "column": 14 }
      },
      "23": {
        "start": { "line": 69, "column": 0 },
        "end": { "line": 74, "column": 2 }
      }
    },
    "fnMap": {
      "0": {
        "name": "upsertEvent",
        "decl": {
          "start": { "line": 3, "column": 15 },
          "end": { "line": 3, "column": 26 }
        },
        "loc": {
          "start": { "line": 3, "column": 43 },
          "end": { "line": 30, "column": 1 }
        },
        "line": 3
      },
      "1": {
        "name": "getEventsByResearcher",
        "decl": {
          "start": { "line": 32, "column": 15 },
          "end": { "line": 32, "column": 36 }
        },
        "loc": {
          "start": { "line": 32, "column": 53 },
          "end": { "line": 41, "column": 1 }
        },
        "line": 32
      },
      "2": {
        "name": "getEventsByResearcherAndYear",
        "decl": {
          "start": { "line": 43, "column": 15 },
          "end": { "line": 43, "column": 43 }
        },
        "loc": {
          "start": { "line": 43, "column": 60 },
          "end": { "line": 54, "column": 1 }
        },
        "line": 43
      },
      "3": {
        "name": "getAggregateMetric",
        "decl": {
          "start": { "line": 56, "column": 15 },
          "end": { "line": 56, "column": 33 }
        },
        "loc": {
          "start": { "line": 56, "column": 50 },
          "end": { "line": 67, "column": 1 }
        },
        "line": 56
      }
    },
    "branchMap": {
      "0": {
        "loc": {
          "start": { "line": 7, "column": 4 },
          "end": { "line": 16, "column": 5 }
        },
        "type": "if",
        "locations": [
          {
            "start": { "line": 7, "column": 4 },
            "end": { "line": 16, "column": 5 }
          },
          { "start": {}, "end": {} }
        ],
        "line": 7
      },
      "1": {
        "loc": {
          "start": { "line": 8, "column": 6 },
          "end": { "line": 11, "column": 25 }
        },
        "type": "binary-expr",
        "locations": [
          {
            "start": { "line": 8, "column": 6 },
            "end": { "line": 8, "column": 19 }
          },
          {
            "start": { "line": 9, "column": 6 },
            "end": { "line": 9, "column": 24 }
          },
          {
            "start": { "line": 10, "column": 6 },
            "end": { "line": 10, "column": 17 }
          },
          {
            "start": { "line": 11, "column": 6 },
            "end": { "line": 11, "column": 25 }
          }
        ],
        "line": 8
      }
    },
    "s": {
      "0": 11,
      "1": 2,
      "2": 2,
      "3": 2,
      "4": 1,
      "5": 1,
      "6": 1,
      "7": 0,
      "8": 1,
      "9": 1,
      "10": 1,
      "11": 1,
      "12": 0,
      "13": 1,
      "14": 1,
      "15": 1,
      "16": 1,
      "17": 0,
      "18": 2,
      "19": 2,
      "20": 2,
      "21": 1,
      "22": 1,
      "23": 11
    },
    "f": { "0": 2, "1": 1, "2": 1, "3": 2 },
    "b": { "0": [1, 1], "1": [2, 2, 1, 1] },
    "_coverageSchema": "1a1c01bbd47fc00a2c39e90264f33305004495a9",
    "hash": "ff616df5ec61267f8ff44c5032f26a0d3d676c1c"
  },
  "C:\\Users\\HP\\research-collab-system\\backend\\src\\controllers\\analyticsRecompute.controller.js": {
    "path": "C:\\Users\\HP\\research-collab-system\\backend\\src\\controllers\\analyticsRecompute.controller.js",
    "statementMap": {
      "0": {
        "start": { "line": 1, "column": 25 },
        "end": { "line": 1, "column": 74 }
      },
      "1": {
        "start": { "line": 7, "column": 2 },
        "end": { "line": 21, "column": 3 }
      },
      "2": {
        "start": { "line": 8, "column": 21 },
        "end": { "line": 8, "column": 30 }
      },
      "3": {
        "start": { "line": 9, "column": 4 },
        "end": { "line": 11, "column": 5 }
      },
      "4": {
        "start": { "line": 10, "column": 6 },
        "end": { "line": 10, "column": 77 }
      },
      "5": {
        "start": { "line": 13, "column": 19 },
        "end": { "line": 13, "column": 76 }
      },
      "6": {
        "start": { "line": 15, "column": 4 },
        "end": { "line": 18, "column": 7 }
      },
      "7": {
        "start": { "line": 20, "column": 4 },
        "end": { "line": 20, "column": 14 }
      },
      "8": {
        "start": { "line": 24, "column": 0 },
        "end": { "line": 24, "column": 35 }
      }
    },
    "fnMap": {
      "0": {
        "name": "recomputeYear",
        "decl": {
          "start": { "line": 6, "column": 15 },
          "end": { "line": 6, "column": 28 }
        },
        "loc": {
          "start": { "line": 6, "column": 45 },
          "end": { "line": 22, "column": 1 }
        },
        "line": 6
      }
    },
    "branchMap": {
      "0": {
        "loc": {
          "start": { "line": 9, "column": 4 },
          "end": { "line": 11, "column": 5 }
        },
        "type": "if",
        "locations": [
          {
            "start": { "line": 9, "column": 4 },
            "end": { "line": 11, "column": 5 }
          },
          { "start": {}, "end": {} }
        ],
        "line": 9
      }
    },
    "s": {
      "0": 11,
      "1": 3,
      "2": 3,
      "3": 3,
      "4": 1,
      "5": 2,
      "6": 1,
      "7": 1,
      "8": 11
    },
    "f": { "0": 3 },
    "b": { "0": [1, 2] },
    "_coverageSchema": "1a1c01bbd47fc00a2c39e90264f33305004495a9",
    "hash": "4a69122779f2f0787ce7a6d8921374c84c081078"
  },
  "C:\\Users\\HP\\research-collab-system\\backend\\src\\controllers\\auth.controller.js": {
    "path": "C:\\Users\\HP\\research-collab-system\\backend\\src\\controllers\\auth.controller.js",
    "statementMap": {
      "0": {
        "start": { "line": 1, "column": 15 },
        "end": { "line": 1, "column": 34 }
      },
      "1": {
        "start": { "line": 2, "column": 12 },
        "end": { "line": 2, "column": 35 }
      },
      "2": {
        "start": { "line": 3, "column": 13 },
        "end": { "line": 3, "column": 38 }
      },
      "3": {
        "start": { "line": 4, "column": 19 },
        "end": { "line": 4, "column": 50 }
      },
      "4": {
        "start": { "line": 7, "column": 2 },
        "end": { "line": 15, "column": 4 }
      },
      "5": {
        "start": { "line": 19, "column": 0 },
        "end": { "line": 89, "column": 2 }
      },
      "6": {
        "start": { "line": 20, "column": 36 },
        "end": { "line": 20, "column": 44 }
      },
      "7": {
        "start": { "line": 23, "column": 2 },
        "end": { "line": 27, "column": 3 }
      },
      "8": {
        "start": { "line": 24, "column": 4 },
        "end": { "line": 26, "column": 63 }
      },
      "9": {
        "start": { "line": 28, "column": 2 },
        "end": { "line": 32, "column": 3 }
      },
      "10": {
        "start": { "line": 29, "column": 4 },
        "end": { "line": 31, "column": 67 }
      },
      "11": {
        "start": { "line": 34, "column": 26 },
        "end": { "line": 34, "column": 45 }
      },
      "12": {
        "start": { "line": 37, "column": 23 },
        "end": { "line": 37, "column": 69 }
      },
      "13": {
        "start": { "line": 38, "column": 2 },
        "end": { "line": 40, "column": 3 }
      },
      "14": {
        "start": { "line": 39, "column": 4 },
        "end": { "line": 39, "column": 69 }
      },
      "15": {
        "start": { "line": 43, "column": 23 },
        "end": { "line": 43, "column": 54 }
      },
      "16": {
        "start": { "line": 46, "column": 15 },
        "end": { "line": 51, "column": 4 }
      },
      "17": {
        "start": { "line": 53, "column": 2 },
        "end": { "line": 88, "column": 3 }
      },
      "18": {
        "start": { "line": 56, "column": 23 },
        "end": { "line": 62, "column": 6 }
      },
      "19": {
        "start": { "line": 65, "column": 4 },
        "end": { "line": 65, "column": 39 }
      },
      "20": {
        "start": { "line": 66, "column": 4 },
        "end": { "line": 66, "column": 22 }
      },
      "21": {
        "start": { "line": 69, "column": 18 },
        "end": { "line": 69, "column": 33 }
      },
      "22": {
        "start": { "line": 71, "column": 4 },
        "end": { "line": 80, "column": 7 }
      },
      "23": {
        "start": { "line": 83, "column": 4 },
        "end": { "line": 83, "column": 44 }
      },
      "24": {
        "start": { "line": 85, "column": 4 },
        "end": { "line": 87, "column": 64 }
      },
      "25": {
        "start": { "line": 91, "column": 0 },
        "end": { "line": 118, "column": 2 }
      },
      "26": {
        "start": { "line": 92, "column": 30 },
        "end": { "line": 92, "column": 38 }
      },
      "27": {
        "start": { "line": 94, "column": 2 },
        "end": { "line": 96, "column": 3 }
      },
      "28": {
        "start": { "line": 95, "column": 4 },
        "end": { "line": 95, "column": 80 }
      },
      "29": {
        "start": { "line": 98, "column": 26 },
        "end": { "line": 98, "column": 45 }
      },
      "30": {
        "start": { "line": 100, "column": 15 },
        "end": { "line": 100, "column": 61 }
      },
      "31": {
        "start": { "line": 101, "column": 2 },
        "end": { "line": 101, "column": 77 }
      },
      "32": {
        "start": { "line": 101, "column": 13 },
        "end": { "line": 101, "column": 77 }
      },
      "33": {
        "start": { "line": 103, "column": 13 },
        "end": { "line": 103, "column": 62 }
      },
      "34": {
        "start": { "line": 104, "column": 2 },
        "end": { "line": 104, "column": 75 }
      },
      "35": {
        "start": { "line": 104, "column": 11 },
        "end": { "line": 104, "column": 75 }
      },
      "36": {
        "start": { "line": 106, "column": 16 },
        "end": { "line": 106, "column": 31 }
      },
      "37": {
        "start": { "line": 108, "column": 2 },
        "end": { "line": 117, "column": 5 }
      },
      "38": {
        "start": { "line": 121, "column": 0 },
        "end": { "line": 139, "column": 2 }
      },
      "39": {
        "start": { "line": 123, "column": 15 },
        "end": { "line": 125, "column": 73 }
      },
      "40": {
        "start": { "line": 127, "column": 2 },
        "end": { "line": 127, "column": 72 }
      },
      "41": {
        "start": { "line": 127, "column": 13 },
        "end": { "line": 127, "column": 72 }
      },
      "42": {
        "start": { "line": 129, "column": 2 },
        "end": { "line": 138, "column": 5 }
      }
    },
    "fnMap": {
      "0": {
        "name": "signToken",
        "decl": {
          "start": { "line": 6, "column": 9 },
          "end": { "line": 6, "column": 18 }
        },
        "loc": {
          "start": { "line": 6, "column": 25 },
          "end": { "line": 16, "column": 1 }
        },
        "line": 6
      },
      "1": {
        "name": "(anonymous_1)",
        "decl": {
          "start": { "line": 19, "column": 19 },
          "end": { "line": 19, "column": 20 }
        },
        "loc": {
          "start": { "line": 19, "column": 39 },
          "end": { "line": 89, "column": 1 }
        },
        "line": 19
      },
      "2": {
        "name": "(anonymous_2)",
        "decl": {
          "start": { "line": 91, "column": 16 },
          "end": { "line": 91, "column": 17 }
        },
        "loc": {
          "start": { "line": 91, "column": 36 },
          "end": { "line": 118, "column": 1 }
        },
        "line": 91
      },
      "3": {
        "name": "(anonymous_3)",
        "decl": {
          "start": { "line": 121, "column": 13 },
          "end": { "line": 121, "column": 14 }
        },
        "loc": {
          "start": { "line": 121, "column": 33 },
          "end": { "line": 139, "column": 1 }
        },
        "line": 121
      }
    },
    "branchMap": {
      "0": {
        "loc": {
          "start": { "line": 14, "column": 17 },
          "end": { "line": 14, "column": 51 }
        },
        "type": "binary-expr",
        "locations": [
          {
            "start": { "line": 14, "column": 17 },
            "end": { "line": 14, "column": 43 }
          },
          {
            "start": { "line": 14, "column": 47 },
            "end": { "line": 14, "column": 51 }
          }
        ],
        "line": 14
      },
      "1": {
        "loc": {
          "start": { "line": 23, "column": 2 },
          "end": { "line": 27, "column": 3 }
        },
        "type": "if",
        "locations": [
          {
            "start": { "line": 23, "column": 2 },
            "end": { "line": 27, "column": 3 }
          },
          { "start": {}, "end": {} }
        ],
        "line": 23
      },
      "2": {
        "loc": {
          "start": { "line": 23, "column": 6 },
          "end": { "line": 23, "column": 34 }
        },
        "type": "binary-expr",
        "locations": [
          {
            "start": { "line": 23, "column": 6 },
            "end": { "line": 23, "column": 11 }
          },
          {
            "start": { "line": 23, "column": 15 },
            "end": { "line": 23, "column": 21 }
          },
          {
            "start": { "line": 23, "column": 25 },
            "end": { "line": 23, "column": 34 }
          }
        ],
        "line": 23
      },
      "3": {
        "loc": {
          "start": { "line": 28, "column": 2 },
          "end": { "line": 32, "column": 3 }
        },
        "type": "if",
        "locations": [
          {
            "start": { "line": 28, "column": 2 },
            "end": { "line": 32, "column": 3 }
          },
          { "start": {}, "end": {} }
        ],
        "line": 28
      },
      "4": {
        "loc": {
          "start": { "line": 38, "column": 2 },
          "end": { "line": 40, "column": 3 }
        },
        "type": "if",
        "locations": [
          {
            "start": { "line": 38, "column": 2 },
            "end": { "line": 40, "column": 3 }
          },
          { "start": {}, "end": {} }
        ],
        "line": 38
      },
      "5": {
        "loc": {
          "start": { "line": 94, "column": 2 },
          "end": { "line": 96, "column": 3 }
        },
        "type": "if",
        "locations": [
          {
            "start": { "line": 94, "column": 2 },
            "end": { "line": 96, "column": 3 }
          },
          { "start": {}, "end": {} }
        ],
        "line": 94
      },
      "6": {
        "loc": {
          "start": { "line": 94, "column": 6 },
          "end": { "line": 94, "column": 25 }
        },
        "type": "binary-expr",
        "locations": [
          {
            "start": { "line": 94, "column": 6 },
            "end": { "line": 94, "column": 12 }
          },
          {
            "start": { "line": 94, "column": 16 },
            "end": { "line": 94, "column": 25 }
          }
        ],
        "line": 94
      },
      "7": {
        "loc": {
          "start": { "line": 101, "column": 2 },
          "end": { "line": 101, "column": 77 }
        },
        "type": "if",
        "locations": [
          {
            "start": { "line": 101, "column": 2 },
            "end": { "line": 101, "column": 77 }
          },
          { "start": {}, "end": {} }
        ],
        "line": 101
      },
      "8": {
        "loc": {
          "start": { "line": 104, "column": 2 },
          "end": { "line": 104, "column": 75 }
        },
        "type": "if",
        "locations": [
          {
            "start": { "line": 104, "column": 2 },
            "end": { "line": 104, "column": 75 }
          },
          { "start": {}, "end": {} }
        ],
        "line": 104
      },
      "9": {
        "loc": {
          "start": { "line": 115, "column": 20 },
          "end": { "line": 115, "column": 45 }
        },
        "type": "binary-expr",
        "locations": [
          {
            "start": { "line": 115, "column": 20 },
            "end": { "line": 115, "column": 37 }
          },
          {
            "start": { "line": 115, "column": 41 },
            "end": { "line": 115, "column": 45 }
          }
        ],
        "line": 115
      },
      "10": {
        "loc": {
          "start": { "line": 127, "column": 2 },
          "end": { "line": 127, "column": 72 }
        },
        "type": "if",
        "locations": [
          {
            "start": { "line": 127, "column": 2 },
            "end": { "line": 127, "column": 72 }
          },
          { "start": {}, "end": {} }
        ],
        "line": 127
      },
      "11": {
        "loc": {
          "start": { "line": 135, "column": 18 },
          "end": { "line": 135, "column": 43 }
        },
        "type": "binary-expr",
        "locations": [
          {
            "start": { "line": 135, "column": 18 },
            "end": { "line": 135, "column": 35 }
          },
          {
            "start": { "line": 135, "column": 39 },
            "end": { "line": 135, "column": 43 }
          }
        ],
        "line": 135
      }
    },
    "s": {
      "0": 11,
      "1": 11,
      "2": 11,
      "3": 11,
      "4": 2,
      "5": 11,
      "6": 2,
      "7": 2,
      "8": 0,
      "9": 2,
      "10": 0,
      "11": 2,
      "12": 2,
      "13": 2,
      "14": 1,
      "15": 1,
      "16": 1,
      "17": 1,
      "18": 1,
      "19": 1,
      "20": 1,
      "21": 1,
      "22": 1,
      "23": 0,
      "24": 0,
      "25": 11,
      "26": 1,
      "27": 1,
      "28": 0,
      "29": 1,
      "30": 1,
      "31": 1,
      "32": 0,
      "33": 1,
      "34": 1,
      "35": 0,
      "36": 1,
      "37": 1,
      "38": 11,
      "39": 0,
      "40": 0,
      "41": 0,
      "42": 0
    },
    "f": { "0": 2, "1": 2, "2": 1, "3": 0 },
    "b": {
      "0": [2, 2],
      "1": [0, 2],
      "2": [2, 2, 2],
      "3": [0, 2],
      "4": [1, 1],
      "5": [0, 1],
      "6": [1, 1],
      "7": [0, 1],
      "8": [0, 1],
      "9": [1, 0],
      "10": [0, 0],
      "11": [0, 0]
    },
    "_coverageSchema": "1a1c01bbd47fc00a2c39e90264f33305004495a9",
    "hash": "f6e03990cfc719697f3cde03472d53201ba7c7ff"
  },
  "C:\\Users\\HP\\research-collab-system\\backend\\src\\controllers\\graph.controller.js": {
    "path": "C:\\Users\\HP\\research-collab-system\\backend\\src\\controllers\\graph.controller.js",
    "statementMap": {
      "0": {
        "start": { "line": 1, "column": 25 },
        "end": { "line": 1, "column": 57 }
      },
      "1": {
        "start": { "line": 2, "column": 21 },
        "end": { "line": 2, "column": 57 }
      },
      "2": {
        "start": { "line": 3, "column": 19 },
        "end": { "line": 3, "column": 50 }
      },
      "3": {
        "start": { "line": 7, "column": 23 },
        "end": { "line": 37, "column": 2 }
      },
      "4": {
        "start": { "line": 8, "column": 17 },
        "end": { "line": 8, "column": 27 }
      },
      "5": {
        "start": { "line": 10, "column": 21 },
        "end": { "line": 10, "column": 57 }
      },
      "6": {
        "start": { "line": 11, "column": 2 },
        "end": { "line": 13, "column": 3 }
      },
      "7": {
        "start": { "line": 12, "column": 4 },
        "end": { "line": 12, "column": 80 }
      },
      "8": {
        "start": { "line": 15, "column": 17 },
        "end": { "line": 20, "column": 3 }
      },
      "9": {
        "start": { "line": 22, "column": 17 },
        "end": { "line": 26, "column": 4 }
      },
      "10": {
        "start": { "line": 28, "column": 17 },
        "end": { "line": 28, "column": 34 }
      },
      "11": {
        "start": { "line": 29, "column": 2 },
        "end": { "line": 36, "column": 5 }
      },
      "12": {
        "start": { "line": 41, "column": 28 },
        "end": { "line": 76, "column": 2 }
      },
      "13": {
        "start": { "line": 42, "column": 35 },
        "end": { "line": 42, "column": 43 }
      },
      "14": {
        "start": { "line": 44, "column": 2 },
        "end": { "line": 48, "column": 3 }
      },
      "15": {
        "start": { "line": 45, "column": 4 },
        "end": { "line": 47, "column": 68 }
      },
      "16": {
        "start": { "line": 49, "column": 2 },
        "end": { "line": 53, "column": 3 }
      },
      "17": {
        "start": { "line": 50, "column": 4 },
        "end": { "line": 52, "column": 73 }
      },
      "18": {
        "start": { "line": 55, "column": 12 },
        "end": { "line": 55, "column": 51 }
      },
      "19": {
        "start": { "line": 57, "column": 17 },
        "end": { "line": 65, "column": 3 }
      },
      "20": {
        "start": { "line": 67, "column": 17 },
        "end": { "line": 67, "column": 68 }
      },
      "21": {
        "start": { "line": 68, "column": 17 },
        "end": { "line": 68, "column": 34 }
      },
      "22": {
        "start": { "line": 70, "column": 2 },
        "end": { "line": 75, "column": 5 }
      },
      "23": {
        "start": { "line": 80, "column": 25 },
        "end": { "line": 98, "column": 2 }
      },
      "24": {
        "start": { "line": 81, "column": 17 },
        "end": { "line": 81, "column": 27 }
      },
      "25": {
        "start": { "line": 83, "column": 17 },
        "end": { "line": 87, "column": 3 }
      },
      "26": {
        "start": { "line": 89, "column": 17 },
        "end": { "line": 89, "column": 47 }
      },
      "27": {
        "start": { "line": 91, "column": 24 },
        "end": { "line": 95, "column": 5 }
      },
      "28": {
        "start": { "line": 91, "column": 53 },
        "end": { "line": 95, "column": 3 }
      },
      "29": {
        "start": { "line": 97, "column": 2 },
        "end": { "line": 97, "column": 48 }
      },
      "30": {
        "start": { "line": 100, "column": 0 },
        "end": { "line": 100, "column": 75 }
      }
    },
    "fnMap": {
      "0": {
        "name": "(anonymous_0)",
        "decl": {
          "start": { "line": 7, "column": 36 },
          "end": { "line": 7, "column": 37 }
        },
        "loc": {
          "start": { "line": 7, "column": 56 },
          "end": { "line": 37, "column": 1 }
        },
        "line": 7
      },
      "1": {
        "name": "(anonymous_1)",
        "decl": {
          "start": { "line": 41, "column": 41 },
          "end": { "line": 41, "column": 42 }
        },
        "loc": {
          "start": { "line": 41, "column": 61 },
          "end": { "line": 76, "column": 1 }
        },
        "line": 41
      },
      "2": {
        "name": "(anonymous_2)",
        "decl": {
          "start": { "line": 80, "column": 38 },
          "end": { "line": 80, "column": 39 }
        },
        "loc": {
          "start": { "line": 80, "column": 58 },
          "end": { "line": 98, "column": 1 }
        },
        "line": 80
      },
      "3": {
        "name": "(anonymous_3)",
        "decl": {
          "start": { "line": 91, "column": 43 },
          "end": { "line": 91, "column": 44 }
        },
        "loc": {
          "start": { "line": 91, "column": 53 },
          "end": { "line": 95, "column": 3 }
        },
        "line": 91
      }
    },
    "branchMap": {
      "0": {
        "loc": {
          "start": { "line": 11, "column": 2 },
          "end": { "line": 13, "column": 3 }
        },
        "type": "if",
        "locations": [
          {
            "start": { "line": 11, "column": 2 },
            "end": { "line": 13, "column": 3 }
          },
          { "start": {}, "end": {} }
        ],
        "line": 11
      },
      "1": {
        "loc": {
          "start": { "line": 44, "column": 2 },
          "end": { "line": 48, "column": 3 }
        },
        "type": "if",
        "locations": [
          {
            "start": { "line": 44, "column": 2 },
            "end": { "line": 48, "column": 3 }
          },
          { "start": {}, "end": {} }
        ],
        "line": 44
      },
      "2": {
        "loc": {
          "start": { "line": 44, "column": 6 },
          "end": { "line": 44, "column": 22 }
        },
        "type": "binary-expr",
        "locations": [
          {
            "start": { "line": 44, "column": 6 },
            "end": { "line": 44, "column": 13 }
          },
          {
            "start": { "line": 44, "column": 17 },
            "end": { "line": 44, "column": 22 }
          }
        ],
        "line": 44
      },
      "3": {
        "loc": {
          "start": { "line": 49, "column": 2 },
          "end": { "line": 53, "column": 3 }
        },
        "type": "if",
        "locations": [
          {
            "start": { "line": 49, "column": 2 },
            "end": { "line": 53, "column": 3 }
          },
          { "start": {}, "end": {} }
        ],
        "line": 49
      },
      "4": {
        "loc": {
          "start": { "line": 55, "column": 12 },
          "end": { "line": 55, "column": 51 }
        },
        "type": "cond-expr",
        "locations": [
          {
            "start": { "line": 55, "column": 41 },
            "end": { "line": 55, "column": 47 }
          },
          {
            "start": { "line": 55, "column": 50 },
            "end": { "line": 55, "column": 51 }
          }
        ],
        "line": 55
      }
    },
    "s": {
      "0": 10,
      "1": 10,
      "2": 10,
      "3": 10,
      "4": 2,
      "5": 2,
      "6": 2,
      "7": 1,
      "8": 1,
      "9": 1,
      "10": 1,
      "11": 1,
      "12": 10,
      "13": 4,
      "14": 4,
      "15": 1,
      "16": 3,
      "17": 1,
      "18": 2,
      "19": 2,
      "20": 2,
      "21": 2,
      "22": 2,
      "23": 10,
      "24": 2,
      "25": 2,
      "26": 2,
      "27": 2,
      "28": 1,
      "29": 2,
      "30": 10
    },
    "f": { "0": 2, "1": 4, "2": 2, "3": 1 },
    "b": { "0": [1, 1], "1": [1, 3], "2": [4, 4], "3": [1, 2], "4": [1, 1] },
    "_coverageSchema": "1a1c01bbd47fc00a2c39e90264f33305004495a9",
    "hash": "b63123ecc49f00407b88c0667d67ad5ded34be05"
  },
  "C:\\Users\\HP\\research-collab-system\\backend\\src\\controllers\\notes.controller.js": {
    "path": "C:\\Users\\HP\\research-collab-system\\backend\\src\\controllers\\notes.controller.js",
    "statementMap": {
      "0": {
        "start": { "line": 1, "column": 21 },
        "end": { "line": 1, "column": 57 }
      },
      "1": {
        "start": { "line": 4, "column": 2 },
        "end": { "line": 17, "column": 3 }
      },
      "2": {
        "start": { "line": 5, "column": 38 },
        "end": { "line": 5, "column": 46 }
      },
      "3": {
        "start": { "line": 7, "column": 4 },
        "end": { "line": 11, "column": 5 }
      },
      "4": {
        "start": { "line": 8, "column": 6 },
        "end": { "line": 10, "column": 9 }
      },
      "5": {
        "start": { "line": 13, "column": 17 },
        "end": { "line": 13, "column": 73 }
      },
      "6": {
        "start": { "line": 14, "column": 4 },
        "end": { "line": 14, "column": 38 }
      },
      "7": {
        "start": { "line": 16, "column": 4 },
        "end": { "line": 16, "column": 14 }
      },
      "8": {
        "start": { "line": 21, "column": 2 },
        "end": { "line": 27, "column": 3 }
      },
      "9": {
        "start": { "line": 22, "column": 18 },
        "end": { "line": 22, "column": 64 }
      },
      "10": {
        "start": { "line": 23, "column": 18 },
        "end": { "line": 23, "column": 55 }
      },
      "11": {
        "start": { "line": 24, "column": 4 },
        "end": { "line": 24, "column": 27 }
      },
      "12": {
        "start": { "line": 26, "column": 4 },
        "end": { "line": 26, "column": 14 }
      },
      "13": {
        "start": { "line": 31, "column": 2 },
        "end": { "line": 40, "column": 3 }
      },
      "14": {
        "start": { "line": 32, "column": 19 },
        "end": { "line": 32, "column": 29 }
      },
      "15": {
        "start": { "line": 34, "column": 17 },
        "end": { "line": 34, "column": 51 }
      },
      "16": {
        "start": { "line": 35, "column": 4 },
        "end": { "line": 35, "column": 72 }
      },
      "17": {
        "start": { "line": 35, "column": 15 },
        "end": { "line": 35, "column": 72 }
      },
      "18": {
        "start": { "line": 37, "column": 4 },
        "end": { "line": 37, "column": 26 }
      },
      "19": {
        "start": { "line": 39, "column": 4 },
        "end": { "line": 39, "column": 14 }
      },
      "20": {
        "start": { "line": 44, "column": 2 },
        "end": { "line": 54, "column": 3 }
      },
      "21": {
        "start": { "line": 45, "column": 19 },
        "end": { "line": 45, "column": 29 }
      },
      "22": {
        "start": { "line": 46, "column": 24 },
        "end": { "line": 46, "column": 32 }
      },
      "23": {
        "start": { "line": 48, "column": 4 },
        "end": { "line": 48, "column": 80 }
      },
      "24": {
        "start": { "line": 48, "column": 18 },
        "end": { "line": 48, "column": 80 }
      },
      "25": {
        "start": { "line": 50, "column": 4 },
        "end": { "line": 50, "column": 51 }
      },
      "26": {
        "start": { "line": 51, "column": 4 },
        "end": { "line": 51, "column": 49 }
      },
      "27": {
        "start": { "line": 53, "column": 4 },
        "end": { "line": 53, "column": 14 }
      },
      "28": {
        "start": { "line": 58, "column": 2 },
        "end": { "line": 64, "column": 3 }
      },
      "29": {
        "start": { "line": 59, "column": 19 },
        "end": { "line": 59, "column": 29 }
      },
      "30": {
        "start": { "line": 60, "column": 4 },
        "end": { "line": 60, "column": 38 }
      },
      "31": {
        "start": { "line": 61, "column": 4 },
        "end": { "line": 61, "column": 49 }
      },
      "32": {
        "start": { "line": 63, "column": 4 },
        "end": { "line": 63, "column": 14 }
      },
      "33": {
        "start": { "line": 67, "column": 0 },
        "end": { "line": 67, "column": 59 }
      }
    },
    "fnMap": {
      "0": {
        "name": "create",
        "decl": {
          "start": { "line": 3, "column": 15 },
          "end": { "line": 3, "column": 21 }
        },
        "loc": {
          "start": { "line": 3, "column": 38 },
          "end": { "line": 18, "column": 1 }
        },
        "line": 3
      },
      "1": {
        "name": "list",
        "decl": {
          "start": { "line": 20, "column": 15 },
          "end": { "line": 20, "column": 19 }
        },
        "loc": {
          "start": { "line": 20, "column": 36 },
          "end": { "line": 28, "column": 1 }
        },
        "line": 20
      },
      "2": {
        "name": "getById",
        "decl": {
          "start": { "line": 30, "column": 15 },
          "end": { "line": 30, "column": 22 }
        },
        "loc": {
          "start": { "line": 30, "column": 39 },
          "end": { "line": 41, "column": 1 }
        },
        "line": 30
      },
      "3": {
        "name": "update",
        "decl": {
          "start": { "line": 43, "column": 15 },
          "end": { "line": 43, "column": 21 }
        },
        "loc": {
          "start": { "line": 43, "column": 38 },
          "end": { "line": 55, "column": 1 }
        },
        "line": 43
      },
      "4": {
        "name": "remove",
        "decl": {
          "start": { "line": 57, "column": 15 },
          "end": { "line": 57, "column": 21 }
        },
        "loc": {
          "start": { "line": 57, "column": 38 },
          "end": { "line": 65, "column": 1 }
        },
        "line": 57
      }
    },
    "branchMap": {
      "0": {
        "loc": {
          "start": { "line": 7, "column": 4 },
          "end": { "line": 11, "column": 5 }
        },
        "type": "if",
        "locations": [
          {
            "start": { "line": 7, "column": 4 },
            "end": { "line": 11, "column": 5 }
          },
          { "start": {}, "end": {} }
        ],
        "line": 7
      },
      "1": {
        "loc": {
          "start": { "line": 7, "column": 8 },
          "end": { "line": 7, "column": 33 }
        },
        "type": "binary-expr",
        "locations": [
          {
            "start": { "line": 7, "column": 8 },
            "end": { "line": 7, "column": 21 }
          },
          {
            "start": { "line": 7, "column": 25 },
            "end": { "line": 7, "column": 33 }
          }
        ],
        "line": 7
      },
      "2": {
        "loc": {
          "start": { "line": 22, "column": 18 },
          "end": { "line": 22, "column": 64 }
        },
        "type": "cond-expr",
        "locations": [
          {
            "start": { "line": 22, "column": 36 },
            "end": { "line": 22, "column": 59 }
          },
          {
            "start": { "line": 22, "column": 62 },
            "end": { "line": 22, "column": 64 }
          }
        ],
        "line": 22
      },
      "3": {
        "loc": {
          "start": { "line": 35, "column": 4 },
          "end": { "line": 35, "column": 72 }
        },
        "type": "if",
        "locations": [
          {
            "start": { "line": 35, "column": 4 },
            "end": { "line": 35, "column": 72 }
          },
          { "start": {}, "end": {} }
        ],
        "line": 35
      },
      "4": {
        "loc": {
          "start": { "line": 48, "column": 4 },
          "end": { "line": 48, "column": 80 }
        },
        "type": "if",
        "locations": [
          {
            "start": { "line": 48, "column": 4 },
            "end": { "line": 48, "column": 80 }
          },
          { "start": {}, "end": {} }
        ],
        "line": 48
      }
    },
    "s": {
      "0": 11,
      "1": 4,
      "2": 4,
      "3": 4,
      "4": 1,
      "5": 3,
      "6": 2,
      "7": 1,
      "8": 1,
      "9": 1,
      "10": 1,
      "11": 1,
      "12": 0,
      "13": 1,
      "14": 1,
      "15": 1,
      "16": 1,
      "17": 0,
      "18": 1,
      "19": 0,
      "20": 0,
      "21": 0,
      "22": 0,
      "23": 0,
      "24": 0,
      "25": 0,
      "26": 0,
      "27": 0,
      "28": 0,
      "29": 0,
      "30": 0,
      "31": 0,
      "32": 0,
      "33": 11
    },
    "f": { "0": 4, "1": 1, "2": 1, "3": 0, "4": 0 },
    "b": { "0": [1, 3], "1": [4, 4], "2": [1, 0], "3": [0, 1], "4": [0, 0] },
    "_coverageSchema": "1a1c01bbd47fc00a2c39e90264f33305004495a9",
    "hash": "03f59af5779fa9136cd0582cd9ee0f8836b0775d"
  },
  "C:\\Users\\HP\\research-collab-system\\backend\\src\\controllers\\profile.controller.js": {
    "path": "C:\\Users\\HP\\research-collab-system\\backend\\src\\controllers\\profile.controller.js",
    "statementMap": {
      "0": {
        "start": { "line": 1, "column": 19 },
        "end": { "line": 1, "column": 50 }
      },
      "1": {
        "start": { "line": 2, "column": 21 },
        "end": { "line": 2, "column": 57 }
      },
      "2": {
        "start": { "line": 3, "column": 25 },
        "end": { "line": 3, "column": 57 }
      },
      "3": {
        "start": { "line": 4, "column": 41 },
        "end": { "line": 4, "column": 77 }
      },
      "4": {
        "start": { "line": 6, "column": 27 },
        "end": { "line": 52, "column": 2 }
      },
      "5": {
        "start": { "line": 7, "column": 17 },
        "end": { "line": 7, "column": 27 }
      },
      "6": {
        "start": { "line": 8, "column": 19 },
        "end": { "line": 8, "column": 34 }
      },
      "7": {
        "start": { "line": 11, "column": 17 },
        "end": { "line": 11, "column": 46 }
      },
      "8": {
        "start": { "line": 12, "column": 2 },
        "end": { "line": 17, "column": 3 }
      },
      "9": {
        "start": { "line": 13, "column": 4 },
        "end": { "line": 16, "column": 7 }
      },
      "10": {
        "start": { "line": 20, "column": 21 },
        "end": { "line": 20, "column": 57 }
      },
      "11": {
        "start": { "line": 21, "column": 2 },
        "end": { "line": 23, "column": 3 }
      },
      "12": {
        "start": { "line": 22, "column": 4 },
        "end": { "line": 22, "column": 80 }
      },
      "13": {
        "start": { "line": 26, "column": 17 },
        "end": { "line": 29, "column": 3 }
      },
      "14": {
        "start": { "line": 31, "column": 17 },
        "end": { "line": 31, "column": 47 }
      },
      "15": {
        "start": { "line": 33, "column": 24 },
        "end": { "line": 37, "column": 5 }
      },
      "16": {
        "start": { "line": 33, "column": 51 },
        "end": { "line": 37, "column": 3 }
      },
      "17": {
        "start": { "line": 40, "column": 18 },
        "end": { "line": 43, "column": 3 }
      },
      "18": {
        "start": { "line": 46, "column": 2 },
        "end": { "line": 46, "column": 45 }
      },
      "19": {
        "start": { "line": 48, "column": 2 },
        "end": { "line": 51, "column": 5 }
      },
      "20": {
        "start": { "line": 54, "column": 0 },
        "end": { "line": 54, "column": 40 }
      }
    },
    "fnMap": {
      "0": {
        "name": "(anonymous_0)",
        "decl": {
          "start": { "line": 6, "column": 40 },
          "end": { "line": 6, "column": 41 }
        },
        "loc": {
          "start": { "line": 6, "column": 60 },
          "end": { "line": 52, "column": 1 }
        },
        "line": 6
      },
      "1": {
        "name": "(anonymous_1)",
        "decl": {
          "start": { "line": 33, "column": 43 },
          "end": { "line": 33, "column": 44 }
        },
        "loc": {
          "start": { "line": 33, "column": 51 },
          "end": { "line": 37, "column": 3 }
        },
        "line": 33
      }
    },
    "branchMap": {
      "0": {
        "loc": {
          "start": { "line": 12, "column": 2 },
          "end": { "line": 17, "column": 3 }
        },
        "type": "if",
        "locations": [
          {
            "start": { "line": 12, "column": 2 },
            "end": { "line": 17, "column": 3 }
          },
          { "start": {}, "end": {} }
        ],
        "line": 12
      },
      "1": {
        "loc": {
          "start": { "line": 21, "column": 2 },
          "end": { "line": 23, "column": 3 }
        },
        "type": "if",
        "locations": [
          {
            "start": { "line": 21, "column": 2 },
            "end": { "line": 23, "column": 3 }
          },
          { "start": {}, "end": {} }
        ],
        "line": 21
      }
    },
    "s": {
      "0": 10,
      "1": 10,
      "2": 10,
      "3": 10,
      "4": 10,
      "5": 2,
      "6": 2,
      "7": 2,
      "8": 2,
      "9": 1,
      "10": 1,
      "11": 1,
      "12": 0,
      "13": 1,
      "14": 1,
      "15": 1,
      "16": 0,
      "17": 1,
      "18": 1,
      "19": 1,
      "20": 10
    },
    "f": { "0": 2, "1": 0 },
    "b": { "0": [1, 1], "1": [0, 1] },
    "_coverageSchema": "1a1c01bbd47fc00a2c39e90264f33305004495a9",
    "hash": "611dc72c9040264c08a3d1c25cdbac68a6397d3d"
  },
  "C:\\Users\\HP\\research-collab-system\\backend\\src\\controllers\\project.controller.js": {
    "path": "C:\\Users\\HP\\research-collab-system\\backend\\src\\controllers\\project.controller.js",
    "statementMap": {
      "0": {
        "start": { "line": 1, "column": 16 },
        "end": { "line": 1, "column": 44 }
      },
      "1": {
        "start": { "line": 2, "column": 25 },
        "end": { "line": 2, "column": 57 }
      },
      "2": {
        "start": { "line": 3, "column": 21 },
        "end": { "line": 3, "column": 57 }
      },
      "3": {
        "start": { "line": 5, "column": 15 },
        "end": { "line": 8, "column": 2 }
      },
      "4": {
        "start": { "line": 6, "column": 14 },
        "end": { "line": 6, "column": 44 }
      },
      "5": {
        "start": { "line": 7, "column": 2 },
        "end": { "line": 7, "column": 28 }
      },
      "6": {
        "start": { "line": 10, "column": 13 },
        "end": { "line": 17, "column": 2 }
      },
      "7": {
        "start": { "line": 11, "column": 15 },
        "end": { "line": 15, "column": 11 }
      },
      "8": {
        "start": { "line": 16, "column": 2 },
        "end": { "line": 16, "column": 17 }
      },
      "9": {
        "start": { "line": 19, "column": 16 },
        "end": { "line": 28, "column": 2 }
      },
      "10": {
        "start": { "line": 20, "column": 14 },
        "end": { "line": 23, "column": 11 }
      },
      "11": {
        "start": { "line": 25, "column": 2 },
        "end": { "line": 26, "column": 77 }
      },
      "12": {
        "start": { "line": 26, "column": 4 },
        "end": { "line": 26, "column": 77 }
      },
      "13": {
        "start": { "line": 27, "column": 2 },
        "end": { "line": 27, "column": 16 }
      },
      "14": {
        "start": { "line": 30, "column": 15 },
        "end": { "line": 39, "column": 2 }
      },
      "15": {
        "start": { "line": 31, "column": 14 },
        "end": { "line": 34, "column": 11 }
      },
      "16": {
        "start": { "line": 36, "column": 2 },
        "end": { "line": 37, "column": 77 }
      },
      "17": {
        "start": { "line": 37, "column": 4 },
        "end": { "line": 37, "column": 77 }
      },
      "18": {
        "start": { "line": 38, "column": 2 },
        "end": { "line": 38, "column": 16 }
      },
      "19": {
        "start": { "line": 41, "column": 15 },
        "end": { "line": 46, "column": 2 }
      },
      "20": {
        "start": { "line": 42, "column": 14 },
        "end": { "line": 42, "column": 67 }
      },
      "21": {
        "start": { "line": 43, "column": 2 },
        "end": { "line": 44, "column": 77 }
      },
      "22": {
        "start": { "line": 44, "column": 4 },
        "end": { "line": 44, "column": 77 }
      },
      "23": {
        "start": { "line": 45, "column": 2 },
        "end": { "line": 45, "column": 30 }
      },
      "24": {
        "start": { "line": 47, "column": 16 },
        "end": { "line": 99, "column": 2 }
      },
      "25": {
        "start": { "line": 48, "column": 17 },
        "end": { "line": 48, "column": 27 }
      },
      "26": {
        "start": { "line": 51, "column": 18 },
        "end": { "line": 54, "column": 11 }
      },
      "27": {
        "start": { "line": 56, "column": 2 },
        "end": { "line": 58, "column": 3 }
      },
      "28": {
        "start": { "line": 57, "column": 4 },
        "end": { "line": 57, "column": 77 }
      },
      "29": {
        "start": { "line": 61, "column": 18 },
        "end": { "line": 63, "column": 3 }
      },
      "30": {
        "start": { "line": 65, "column": 20 },
        "end": { "line": 65, "column": 53 }
      },
      "31": {
        "start": { "line": 65, "column": 39 },
        "end": { "line": 65, "column": 52 }
      },
      "32": {
        "start": { "line": 68, "column": 23 },
        "end": { "line": 68, "column": 25 }
      },
      "33": {
        "start": { "line": 69, "column": 2 },
        "end": { "line": 90, "column": 3 }
      },
      "34": {
        "start": { "line": 70, "column": 19 },
        "end": { "line": 76, "column": 5 }
      },
      "35": {
        "start": { "line": 78, "column": 19 },
        "end": { "line": 78, "column": 61 }
      },
      "36": {
        "start": { "line": 80, "column": 4 },
        "end": { "line": 86, "column": 8 }
      },
      "37": {
        "start": { "line": 80, "column": 48 },
        "end": { "line": 86, "column": 5 }
      },
      "38": {
        "start": { "line": 89, "column": 4 },
        "end": { "line": 89, "column": 24 }
      },
      "39": {
        "start": { "line": 92, "column": 2 },
        "end": { "line": 98, "column": 5 }
      },
      "40": {
        "start": { "line": 101, "column": 0 },
        "end": { "line": 101, "column": 68 }
      }
    },
    "fnMap": {
      "0": {
        "name": "(anonymous_0)",
        "decl": {
          "start": { "line": 5, "column": 28 },
          "end": { "line": 5, "column": 29 }
        },
        "loc": {
          "start": { "line": 5, "column": 48 },
          "end": { "line": 8, "column": 1 }
        },
        "line": 5
      },
      "1": {
        "name": "(anonymous_1)",
        "decl": {
          "start": { "line": 10, "column": 26 },
          "end": { "line": 10, "column": 27 }
        },
        "loc": {
          "start": { "line": 10, "column": 46 },
          "end": { "line": 17, "column": 1 }
        },
        "line": 10
      },
      "2": {
        "name": "(anonymous_2)",
        "decl": {
          "start": { "line": 19, "column": 29 },
          "end": { "line": 19, "column": 30 }
        },
        "loc": {
          "start": { "line": 19, "column": 49 },
          "end": { "line": 28, "column": 1 }
        },
        "line": 19
      },
      "3": {
        "name": "(anonymous_3)",
        "decl": {
          "start": { "line": 30, "column": 28 },
          "end": { "line": 30, "column": 29 }
        },
        "loc": {
          "start": { "line": 30, "column": 48 },
          "end": { "line": 39, "column": 1 }
        },
        "line": 30
      },
      "4": {
        "name": "(anonymous_4)",
        "decl": {
          "start": { "line": 41, "column": 28 },
          "end": { "line": 41, "column": 29 }
        },
        "loc": {
          "start": { "line": 41, "column": 48 },
          "end": { "line": 46, "column": 1 }
        },
        "line": 41
      },
      "5": {
        "name": "(anonymous_5)",
        "decl": {
          "start": { "line": 47, "column": 29 },
          "end": { "line": 47, "column": 30 }
        },
        "loc": {
          "start": { "line": 47, "column": 49 },
          "end": { "line": 99, "column": 1 }
        },
        "line": 47
      },
      "6": {
        "name": "(anonymous_6)",
        "decl": {
          "start": { "line": 65, "column": 32 },
          "end": { "line": 65, "column": 33 }
        },
        "loc": {
          "start": { "line": 65, "column": 39 },
          "end": { "line": 65, "column": 52 }
        },
        "line": 65
      },
      "7": {
        "name": "(anonymous_7)",
        "decl": {
          "start": { "line": 80, "column": 40 },
          "end": { "line": 80, "column": 41 }
        },
        "loc": {
          "start": { "line": 80, "column": 48 },
          "end": { "line": 86, "column": 5 }
        },
        "line": 80
      }
    },
    "branchMap": {
      "0": {
        "loc": {
          "start": { "line": 25, "column": 2 },
          "end": { "line": 26, "column": 77 }
        },
        "type": "if",
        "locations": [
          {
            "start": { "line": 25, "column": 2 },
            "end": { "line": 26, "column": 77 }
          },
          { "start": {}, "end": {} }
        ],
        "line": 25
      },
      "1": {
        "loc": {
          "start": { "line": 36, "column": 2 },
          "end": { "line": 37, "column": 77 }
        },
        "type": "if",
        "locations": [
          {
            "start": { "line": 36, "column": 2 },
            "end": { "line": 37, "column": 77 }
          },
          { "start": {}, "end": {} }
        ],
        "line": 36
      },
      "2": {
        "loc": {
          "start": { "line": 43, "column": 2 },
          "end": { "line": 44, "column": 77 }
        },
        "type": "if",
        "locations": [
          {
            "start": { "line": 43, "column": 2 },
            "end": { "line": 44, "column": 77 }
          },
          { "start": {}, "end": {} }
        ],
        "line": 43
      },
      "3": {
        "loc": {
          "start": { "line": 56, "column": 2 },
          "end": { "line": 58, "column": 3 }
        },
        "type": "if",
        "locations": [
          {
            "start": { "line": 56, "column": 2 },
            "end": { "line": 58, "column": 3 }
          },
          { "start": {}, "end": {} }
        ],
        "line": 56
      },
      "4": {
        "loc": {
          "start": { "line": 61, "column": 38 },
          "end": { "line": 61, "column": 65 }
        },
        "type": "binary-expr",
        "locations": [
          {
            "start": { "line": 61, "column": 38 },
            "end": { "line": 61, "column": 59 }
          },
          {
            "start": { "line": 61, "column": 63 },
            "end": { "line": 61, "column": 65 }
          }
        ],
        "line": 61
      },
      "5": {
        "loc": {
          "start": { "line": 83, "column": 14 },
          "end": { "line": 85, "column": 33 }
        },
        "type": "cond-expr",
        "locations": [
          {
            "start": { "line": 84, "column": 10 },
            "end": { "line": 84, "column": 36 }
          },
          {
            "start": { "line": 85, "column": 10 },
            "end": { "line": 85, "column": 33 }
          }
        ],
        "line": 83
      }
    },
    "s": {
      "0": 10,
      "1": 10,
      "2": 10,
      "3": 10,
      "4": 0,
      "5": 0,
      "6": 10,
      "7": 1,
      "8": 1,
      "9": 10,
      "10": 2,
      "11": 2,
      "12": 1,
      "13": 1,
      "14": 10,
      "15": 0,
      "16": 0,
      "17": 0,
      "18": 0,
      "19": 10,
      "20": 0,
      "21": 0,
      "22": 0,
      "23": 0,
      "24": 10,
      "25": 3,
      "26": 3,
      "27": 3,
      "28": 1,
      "29": 2,
      "30": 2,
      "31": 4,
      "32": 2,
      "33": 2,
      "34": 2,
      "35": 2,
      "36": 1,
      "37": 1,
      "38": 1,
      "39": 2,
      "40": 10
    },
    "f": { "0": 0, "1": 1, "2": 2, "3": 0, "4": 0, "5": 3, "6": 4, "7": 1 },
    "b": {
      "0": [1, 1],
      "1": [0, 0],
      "2": [0, 0],
      "3": [1, 2],
      "4": [2, 0],
      "5": [0, 1]
    },
    "_coverageSchema": "1a1c01bbd47fc00a2c39e90264f33305004495a9",
    "hash": "c1cd892c9da28fbc85634097a4b8ae1e657a2678"
  },
  "C:\\Users\\HP\\research-collab-system\\backend\\src\\controllers\\publication.controller.js": {
    "path": "C:\\Users\\HP\\research-collab-system\\backend\\src\\controllers\\publication.controller.js",
    "statementMap": {
      "0": {
        "start": { "line": 1, "column": 20 },
        "end": { "line": 1, "column": 52 }
      },
      "1": {
        "start": { "line": 2, "column": 25 },
        "end": { "line": 2, "column": 57 }
      },
      "2": {
        "start": { "line": 3, "column": 41 },
        "end": { "line": 3, "column": 77 }
      },
      "3": {
        "start": { "line": 5, "column": 15 },
        "end": { "line": 8, "column": 2 }
      },
      "4": {
        "start": { "line": 6, "column": 14 },
        "end": { "line": 6, "column": 48 }
      },
      "5": {
        "start": { "line": 7, "column": 2 },
        "end": { "line": 7, "column": 28 }
      },
      "6": {
        "start": { "line": 10, "column": 13 },
        "end": { "line": 17, "column": 2 }
      },
      "7": {
        "start": { "line": 11, "column": 15 },
        "end": { "line": 15, "column": 11 }
      },
      "8": {
        "start": { "line": 16, "column": 2 },
        "end": { "line": 16, "column": 17 }
      },
      "9": {
        "start": { "line": 19, "column": 16 },
        "end": { "line": 30, "column": 2 }
      },
      "10": {
        "start": { "line": 20, "column": 14 },
        "end": { "line": 23, "column": 11 }
      },
      "11": {
        "start": { "line": 25, "column": 2 },
        "end": { "line": 28, "column": 61 }
      },
      "12": {
        "start": { "line": 26, "column": 4 },
        "end": { "line": 28, "column": 61 }
      },
      "13": {
        "start": { "line": 29, "column": 2 },
        "end": { "line": 29, "column": 16 }
      },
      "14": {
        "start": { "line": 32, "column": 15 },
        "end": { "line": 43, "column": 2 }
      },
      "15": {
        "start": { "line": 33, "column": 14 },
        "end": { "line": 36, "column": 11 }
      },
      "16": {
        "start": { "line": 38, "column": 2 },
        "end": { "line": 41, "column": 61 }
      },
      "17": {
        "start": { "line": 39, "column": 4 },
        "end": { "line": 41, "column": 61 }
      },
      "18": {
        "start": { "line": 42, "column": 2 },
        "end": { "line": 42, "column": 16 }
      },
      "19": {
        "start": { "line": 45, "column": 15 },
        "end": { "line": 52, "column": 2 }
      },
      "20": {
        "start": { "line": 46, "column": 14 },
        "end": { "line": 46, "column": 71 }
      },
      "21": {
        "start": { "line": 47, "column": 2 },
        "end": { "line": 50, "column": 61 }
      },
      "22": {
        "start": { "line": 48, "column": 4 },
        "end": { "line": 50, "column": 61 }
      },
      "23": {
        "start": { "line": 51, "column": 2 },
        "end": { "line": 51, "column": 30 }
      },
      "24": {
        "start": { "line": 54, "column": 18 },
        "end": { "line": 75, "column": 2 }
      },
      "25": {
        "start": { "line": 55, "column": 16 },
        "end": { "line": 55, "column": 67 }
      },
      "26": {
        "start": { "line": 56, "column": 19 },
        "end": { "line": 56, "column": 55 }
      },
      "27": {
        "start": { "line": 59, "column": 17 },
        "end": { "line": 59, "column": 46 }
      },
      "28": {
        "start": { "line": 60, "column": 2 },
        "end": { "line": 62, "column": 3 }
      },
      "29": {
        "start": { "line": 61, "column": 4 },
        "end": { "line": 61, "column": 70 }
      },
      "30": {
        "start": { "line": 65, "column": 23 },
        "end": { "line": 69, "column": 11 }
      },
      "31": {
        "start": { "line": 72, "column": 2 },
        "end": { "line": 72, "column": 50 }
      },
      "32": {
        "start": { "line": 74, "column": 2 },
        "end": { "line": 74, "column": 50 }
      },
      "33": {
        "start": { "line": 77, "column": 0 },
        "end": { "line": 77, "column": 70 }
      }
    },
    "fnMap": {
      "0": {
        "name": "(anonymous_0)",
        "decl": {
          "start": { "line": 5, "column": 28 },
          "end": { "line": 5, "column": 29 }
        },
        "loc": {
          "start": { "line": 5, "column": 48 },
          "end": { "line": 8, "column": 1 }
        },
        "line": 5
      },
      "1": {
        "name": "(anonymous_1)",
        "decl": {
          "start": { "line": 10, "column": 26 },
          "end": { "line": 10, "column": 27 }
        },
        "loc": {
          "start": { "line": 10, "column": 46 },
          "end": { "line": 17, "column": 1 }
        },
        "line": 10
      },
      "2": {
        "name": "(anonymous_2)",
        "decl": {
          "start": { "line": 19, "column": 29 },
          "end": { "line": 19, "column": 30 }
        },
        "loc": {
          "start": { "line": 19, "column": 49 },
          "end": { "line": 30, "column": 1 }
        },
        "line": 19
      },
      "3": {
        "name": "(anonymous_3)",
        "decl": {
          "start": { "line": 32, "column": 28 },
          "end": { "line": 32, "column": 29 }
        },
        "loc": {
          "start": { "line": 32, "column": 48 },
          "end": { "line": 43, "column": 1 }
        },
        "line": 32
      },
      "4": {
        "name": "(anonymous_4)",
        "decl": {
          "start": { "line": 45, "column": 28 },
          "end": { "line": 45, "column": 29 }
        },
        "loc": {
          "start": { "line": 45, "column": 48 },
          "end": { "line": 52, "column": 1 }
        },
        "line": 45
      },
      "5": {
        "name": "(anonymous_5)",
        "decl": {
          "start": { "line": 54, "column": 31 },
          "end": { "line": 54, "column": 32 }
        },
        "loc": {
          "start": { "line": 54, "column": 51 },
          "end": { "line": 75, "column": 1 }
        },
        "line": 54
      }
    },
    "branchMap": {
      "0": {
        "loc": {
          "start": { "line": 25, "column": 2 },
          "end": { "line": 28, "column": 61 }
        },
        "type": "if",
        "locations": [
          {
            "start": { "line": 25, "column": 2 },
            "end": { "line": 28, "column": 61 }
          },
          { "start": {}, "end": {} }
        ],
        "line": 25
      },
      "1": {
        "loc": {
          "start": { "line": 38, "column": 2 },
          "end": { "line": 41, "column": 61 }
        },
        "type": "if",
        "locations": [
          {
            "start": { "line": 38, "column": 2 },
            "end": { "line": 41, "column": 61 }
          },
          { "start": {}, "end": {} }
        ],
        "line": 38
      },
      "2": {
        "loc": {
          "start": { "line": 47, "column": 2 },
          "end": { "line": 50, "column": 61 }
        },
        "type": "if",
        "locations": [
          {
            "start": { "line": 47, "column": 2 },
            "end": { "line": 50, "column": 61 }
          },
          { "start": {}, "end": {} }
        ],
        "line": 47
      },
      "3": {
        "loc": {
          "start": { "line": 55, "column": 34 },
          "end": { "line": 55, "column": 57 }
        },
        "type": "binary-expr",
        "locations": [
          {
            "start": { "line": 55, "column": 34 },
            "end": { "line": 55, "column": 49 }
          },
          {
            "start": { "line": 55, "column": 53 },
            "end": { "line": 55, "column": 57 }
          }
        ],
        "line": 55
      },
      "4": {
        "loc": {
          "start": { "line": 60, "column": 2 },
          "end": { "line": 62, "column": 3 }
        },
        "type": "if",
        "locations": [
          {
            "start": { "line": 60, "column": 2 },
            "end": { "line": 62, "column": 3 }
          },
          { "start": {}, "end": {} }
        ],
        "line": 60
      }
    },
    "s": {
      "0": 10,
      "1": 10,
      "2": 10,
      "3": 10,
      "4": 1,
      "5": 1,
      "6": 10,
      "7": 1,
      "8": 1,
      "9": 10,
      "10": 2,
      "11": 2,
      "12": 1,
      "13": 1,
      "14": 10,
      "15": 2,
      "16": 2,
      "17": 1,
      "18": 1,
      "19": 10,
      "20": 2,
      "21": 2,
      "22": 1,
      "23": 1,
      "24": 10,
      "25": 2,
      "26": 2,
      "27": 2,
      "28": 2,
      "29": 1,
      "30": 1,
      "31": 1,
      "32": 1,
      "33": 10
    },
    "f": { "0": 1, "1": 1, "2": 2, "3": 2, "4": 2, "5": 2 },
    "b": { "0": [1, 1], "1": [1, 1], "2": [1, 1], "3": [2, 0], "4": [1, 1] },
    "_coverageSchema": "1a1c01bbd47fc00a2c39e90264f33305004495a9",
    "hash": "b5af1b4c0728d69d4f3d9f05bf76440370b2828d"
  },
  "C:\\Users\\HP\\research-collab-system\\backend\\src\\controllers\\researcher.controller.js": {
    "path": "C:\\Users\\HP\\research-collab-system\\backend\\src\\controllers\\researcher.controller.js",
    "statementMap": {
      "0": {
        "start": { "line": 1, "column": 19 },
        "end": { "line": 1, "column": 50 }
      },
      "1": {
        "start": { "line": 2, "column": 16 },
        "end": { "line": 2, "column": 44 }
      },
      "2": {
        "start": { "line": 3, "column": 25 },
        "end": { "line": 3, "column": 57 }
      },
      "3": {
        "start": { "line": 5, "column": 15 },
        "end": { "line": 8, "column": 2 }
      },
      "4": {
        "start": { "line": 6, "column": 14 },
        "end": { "line": 6, "column": 47 }
      },
      "5": {
        "start": { "line": 7, "column": 2 },
        "end": { "line": 7, "column": 28 }
      },
      "6": {
        "start": { "line": 10, "column": 13 },
        "end": { "line": 13, "column": 2 }
      },
      "7": {
        "start": { "line": 11, "column": 15 },
        "end": { "line": 11, "column": 69 }
      },
      "8": {
        "start": { "line": 12, "column": 2 },
        "end": { "line": 12, "column": 17 }
      },
      "9": {
        "start": { "line": 15, "column": 16 },
        "end": { "line": 20, "column": 2 }
      },
      "10": {
        "start": { "line": 16, "column": 14 },
        "end": { "line": 16, "column": 61 }
      },
      "11": {
        "start": { "line": 17, "column": 2 },
        "end": { "line": 18, "column": 80 }
      },
      "12": {
        "start": { "line": 18, "column": 4 },
        "end": { "line": 18, "column": 80 }
      },
      "13": {
        "start": { "line": 19, "column": 2 },
        "end": { "line": 19, "column": 16 }
      },
      "14": {
        "start": { "line": 22, "column": 15 },
        "end": { "line": 31, "column": 2 }
      },
      "15": {
        "start": { "line": 23, "column": 14 },
        "end": { "line": 26, "column": 11 }
      },
      "16": {
        "start": { "line": 28, "column": 2 },
        "end": { "line": 29, "column": 80 }
      },
      "17": {
        "start": { "line": 29, "column": 4 },
        "end": { "line": 29, "column": 80 }
      },
      "18": {
        "start": { "line": 30, "column": 2 },
        "end": { "line": 30, "column": 16 }
      },
      "19": {
        "start": { "line": 33, "column": 15 },
        "end": { "line": 38, "column": 2 }
      },
      "20": {
        "start": { "line": 34, "column": 14 },
        "end": { "line": 34, "column": 70 }
      },
      "21": {
        "start": { "line": 35, "column": 2 },
        "end": { "line": 36, "column": 80 }
      },
      "22": {
        "start": { "line": 36, "column": 4 },
        "end": { "line": 36, "column": 80 }
      },
      "23": {
        "start": { "line": 37, "column": 2 },
        "end": { "line": 37, "column": 30 }
      },
      "24": {
        "start": { "line": 41, "column": 30 },
        "end": { "line": 56, "column": 2 }
      },
      "25": {
        "start": { "line": 42, "column": 17 },
        "end": { "line": 42, "column": 27 }
      },
      "26": {
        "start": { "line": 44, "column": 19 },
        "end": { "line": 49, "column": 11 }
      },
      "27": {
        "start": { "line": 51, "column": 2 },
        "end": { "line": 55, "column": 5 }
      },
[...]
    "b": { "0": [1, 0], "1": [1, 1] },
    "_coverageSchema": "1a1c01bbd47fc00a2c39e90264f33305004495a9",
    "hash": "e24e815d2f9ec269cce00e21292bb134862c9d2d"
  },
  "C:\\Users\\HP\\research-collab-system\\backend\\src\\services\\analyticsRecompute.service.js": {
    "path": "C:\\Users\\HP\\research-collab-system\\backend\\src\\services\\analyticsRecompute.service.js",
    "statementMap": {
      "0": {
        "start": { "line": 1, "column": 17 },
        "end": { "line": 1, "column": 36 }
      },
      "1": {
        "start": { "line": 2, "column": 20 },
        "end": { "line": 2, "column": 52 }
      },
      "2": {
        "start": { "line": 3, "column": 31 },
        "end": { "line": 3, "column": 67 }
      },
      "3": {
        "start": { "line": 17, "column": 13 },
        "end": { "line": 17, "column": 25 }
      },
      "4": {
        "start": { "line": 18, "column": 2 },
        "end": { "line": 18, "column": 60 }
      },
      "5": {
        "start": { "line": 18, "column": 28 },
        "end": { "line": 18, "column": 60 }
      },
      "6": {
        "start": { "line": 21, "column": 15 },
        "end": { "line": 23, "column": 11 }
      },
      "7": {
        "start": { "line": 27, "column": 17 },
        "end": { "line": 27, "column": 26 }
      },
      "8": {
        "start": { "line": 29, "column": 2 },
        "end": { "line": 35, "column": 3 }
      },
      "9": {
        "start": { "line": 30, "column": 20 },
        "end": { "line": 30, "column": 61 }
      },
      "10": {
        "start": { "line": 31, "column": 4 },
        "end": { "line": 34, "column": 5 }
      },
      "11": {
        "start": { "line": 32, "column": 18 },
        "end": { "line": 32, "column": 29 }
      },
      "12": {
        "start": { "line": 33, "column": 6 },
        "end": { "line": 33, "column": 50 }
      },
      "13": {
        "start": { "line": 38, "column": 23 },
        "end": { "line": 38, "column": 24 }
      },
      "14": {
        "start": { "line": 40, "column": 2 },
        "end": { "line": 48, "column": 3 }
      },
      "15": {
        "start": { "line": 41, "column": 4 },
        "end": { "line": 46, "column": 7 }
      },
      "16": {
        "start": { "line": 47, "column": 4 },
        "end": { "line": 47, "column": 21 }
      },
      "17": {
        "start": { "line": 50, "column": 2 },
        "end": { "line": 54, "column": 4 }
      },
      "18": {
        "start": { "line": 57, "column": 0 },
        "end": { "line": 57, "column": 50 }
      }
    },
    "fnMap": {
      "0": {
        "name": "recomputePublicationsPerYear",
        "decl": {
          "start": { "line": 16, "column": 15 },
          "end": { "line": 16, "column": 43 }
        },
        "loc": {
          "start": { "line": 16, "column": 50 },
          "end": { "line": 55, "column": 1 }
        },
        "line": 16
      }
    },
    "branchMap": {
      "0": {
        "loc": {
          "start": { "line": 18, "column": 2 },
          "end": { "line": 18, "column": 60 }
        },
        "type": "if",
        "locations": [
          {
            "start": { "line": 18, "column": 2 },
            "end": { "line": 18, "column": 60 }
          },
          { "start": {}, "end": {} }
        ],
        "line": 18
      },
      "1": {
        "loc": {
          "start": { "line": 30, "column": 20 },
          "end": { "line": 30, "column": 61 }
        },
        "type": "cond-expr",
        "locations": [
          {
            "start": { "line": 30, "column": 47 },
            "end": { "line": 30, "column": 56 }
          },
          {
            "start": { "line": 30, "column": 59 },
            "end": { "line": 30, "column": 61 }
          }
        ],
        "line": 30
      },
      "2": {
        "loc": {
          "start": { "line": 33, "column": 23 },
          "end": { "line": 33, "column": 43 }
        },
        "type": "binary-expr",
        "locations": [
          {
            "start": { "line": 33, "column": 23 },
            "end": { "line": 33, "column": 38 }
          },
          {
            "start": { "line": 33, "column": 42 },
            "end": { "line": 33, "column": 43 }
          }
        ],
        "line": 33
      }
    },
    "s": {
      "0": 11,
      "1": 11,
      "2": 11,
      "3": 3,
      "4": 3,
      "5": 1,
      "6": 2,
      "7": 1,
      "8": 1,
      "9": 2,
      "10": 2,
      "11": 3,
      "12": 3,
      "13": 1,
      "14": 1,
      "15": 2,
      "16": 2,
      "17": 1,
      "18": 11
    },
    "f": { "0": 3 },
    "b": { "0": [1, 2], "1": [2, 0], "2": [3, 2] },
    "_coverageSchema": "1a1c01bbd47fc00a2c39e90264f33305004495a9",
    "hash": "77378464e8a82815c6f3a239fa7a424d889688d1"
  },
  "C:\\Users\\HP\\research-collab-system\\backend\\src\\services\\cache.service.js": {
    "path": "C:\\Users\\HP\\research-collab-system\\backend\\src\\services\\cache.service.js",
    "statementMap": {
      "0": {
        "start": { "line": 1, "column": 20 },
        "end": { "line": 1, "column": 46 }
      },
      "1": {
        "start": { "line": 3, "column": 22 },
        "end": { "line": 7, "column": 1 }
      },
      "2": {
        "start": { "line": 4, "column": 15 },
        "end": { "line": 4, "column": 41 }
      },
      "3": {
        "start": { "line": 5, "column": 2 },
        "end": { "line": 5, "column": 25 }
      },
      "4": {
        "start": { "line": 5, "column": 13 },
        "end": { "line": 5, "column": 25 }
      },
      "5": {
        "start": { "line": 6, "column": 2 },
        "end": { "line": 6, "column": 26 }
      },
      "6": {
        "start": { "line": 9, "column": 22 },
        "end": { "line": 11, "column": 1 }
      },
      "7": {
        "start": { "line": 10, "column": 2 },
        "end": { "line": 10, "column": 66 }
      },
      "8": {
        "start": { "line": 13, "column": 0 },
        "end": { "line": 13, "column": 50 }
      }
    },
    "fnMap": {
      "0": {
        "name": "(anonymous_0)",
        "decl": {
          "start": { "line": 3, "column": 22 },
          "end": { "line": 3, "column": 23 }
        },
        "loc": {
          "start": { "line": 3, "column": 37 },
          "end": { "line": 7, "column": 1 }
        },
        "line": 3
      },
      "1": {
        "name": "(anonymous_1)",
        "decl": {
          "start": { "line": 9, "column": 22 },
          "end": { "line": 9, "column": 23 }
        },
        "loc": {
          "start": { "line": 9, "column": 61 },
          "end": { "line": 11, "column": 1 }
        },
        "line": 9
      }
    },
    "branchMap": {
      "0": {
        "loc": {
          "start": { "line": 5, "column": 2 },
          "end": { "line": 5, "column": 25 }
        },
        "type": "if",
        "locations": [
          {
            "start": { "line": 5, "column": 2 },
            "end": { "line": 5, "column": 25 }
          },
          { "start": {}, "end": {} }
        ],
        "line": 5
      },
      "1": {
        "loc": {
          "start": { "line": 9, "column": 41 },
          "end": { "line": 9, "column": 56 }
        },
        "type": "default-arg",
        "locations": [
          {
            "start": { "line": 9, "column": 54 },
            "end": { "line": 9, "column": 56 }
          }
        ],
        "line": 9
      }
    },
    "s": {
      "0": 9,
      "1": 9,
      "2": 2,
      "3": 2,
      "4": 1,
      "5": 1,
      "6": 9,
      "7": 2,
      "8": 9
    },
    "f": { "0": 2, "1": 2 },
    "b": { "0": [1, 1], "1": [1] },
    "_coverageSchema": "1a1c01bbd47fc00a2c39e90264f33305004495a9",
    "hash": "080f89c45c636d6a140f5c66fc20ae67cb22fe18"
  },
  "C:\\Users\\HP\\research-collab-system\\backend\\src\\services\\neo4j.service.js": {
    "path": "C:\\Users\\HP\\research-collab-system\\backend\\src\\services\\neo4j.service.js",
    "statementMap": {
      "0": {
        "start": { "line": 1, "column": 15 },
        "end": { "line": 1, "column": 41 }
      },
      "1": {
        "start": { "line": 5, "column": 18 },
        "end": { "line": 5, "column": 34 }
      },
      "2": {
        "start": { "line": 6, "column": 2 },
        "end": { "line": 11, "column": 3 }
      },
      "3": {
        "start": { "line": 7, "column": 19 },
        "end": { "line": 7, "column": 52 }
      },
      "4": {
        "start": { "line": 8, "column": 4 },
        "end": { "line": 8, "column": 18 }
      },
      "5": {
        "start": { "line": 10, "column": 4 },
        "end": { "line": 10, "column": 26 }
      },
      "6": {
        "start": { "line": 14, "column": 0 },
        "end": { "line": 14, "column": 30 }
      }
    },
    "fnMap": {
      "0": {
        "name": "runQuery",
        "decl": {
          "start": { "line": 4, "column": 15 },
          "end": { "line": 4, "column": 23 }
        },
        "loc": {
          "start": { "line": 4, "column": 45 },
          "end": { "line": 12, "column": 1 }
        },
        "line": 4
      }
    },
    "branchMap": {
      "0": {
        "loc": {
          "start": { "line": 4, "column": 32 },
          "end": { "line": 4, "column": 43 }
        },
        "type": "default-arg",
        "locations": [
          {
            "start": { "line": 4, "column": 41 },
            "end": { "line": 4, "column": 43 }
          }
        ],
        "line": 4
      }
    },
    "s": { "0": 8, "1": 2, "2": 2, "3": 2, "4": 1, "5": 2, "6": 8 },
    "f": { "0": 2 },
    "b": { "0": [0] },
    "_coverageSchema": "1a1c01bbd47fc00a2c39e90264f33305004495a9",
    "hash": "0b65871b65f7f02e2086a39753792819221be752"
  },
  "C:\\Users\\HP\\research-collab-system\\backend\\src\\services\\notes.service.js": {
    "path": "C:\\Users\\HP\\research-collab-system\\backend\\src\\services\\notes.service.js",
    "statementMap": {
      "0": {
        "start": { "line": 1, "column": 23 },
        "end": { "line": 1, "column": 38 }
      },
      "1": {
        "start": { "line": 2, "column": 31 },
        "end": { "line": 2, "column": 61 }
      },
      "2": {
        "start": { "line": 5, "column": 17 },
        "end": { "line": 5, "column": 37 }
      },
      "3": {
        "start": { "line": 6, "column": 13 },
        "end": { "line": 6, "column": 21 }
      },
      "4": {
        "start": { "line": 7, "column": 20 },
        "end": { "line": 7, "column": 30 }
      },
      "5": {
        "start": { "line": 9, "column": 16 },
        "end": { "line": 12, "column": 3 }
      },
      "6": {
        "start": { "line": 13, "column": 2 },
        "end": { "line": 15, "column": 5 }
      },
      "7": {
        "start": { "line": 17, "column": 2 },
        "end": { "line": 17, "column": 50 }
      },
      "8": {
        "start": { "line": 21, "column": 17 },
        "end": { "line": 21, "column": 37 }
      },
      "9": {
        "start": { "line": 24, "column": 16 },
        "end": { "line": 24, "column": 82 }
      },
      "10": {
        "start": { "line": 25, "column": 17 },
        "end": { "line": 27, "column": 4 }
      },
      "11": {
        "start": { "line": 29, "column": 2 },
        "end": { "line": 29, "column": 21 }
      },
      "12": {
        "start": { "line": 33, "column": 17 },
        "end": { "line": 33, "column": 37 }
      },
      "13": {
        "start": { "line": 35, "column": 16 },
        "end": { "line": 35, "column": 87 }
      },
      "14": {
        "start": { "line": 36, "column": 17 },
        "end": { "line": 36, "column": 69 }
      },
      "15": {
        "start": { "line": 38, "column": 2 },
        "end": { "line": 38, "column": 32 }
      },
      "16": {
        "start": { "line": 42, "column": 17 },
        "end": { "line": 42, "column": 37 }
      },
      "17": {
        "start": { "line": 45, "column": 16 },
        "end": { "line": 45, "column": 59 }
      },
      "18": {
        "start": { "line": 46, "column": 2 },
        "end": { "line": 46, "column": 64 }
      },
      "19": {
        "start": { "line": 48, "column": 2 },
        "end": { "line": 48, "column": 14 }
      },
      "20": {
        "start": { "line": 52, "column": 17 },
        "end": { "line": 52, "column": 37 }
      },
      "21": {
        "start": { "line": 54, "column": 16 },
        "end": { "line": 54, "column": 48 }
      },
      "22": {
        "start": { "line": 55, "column": 2 },
        "end": { "line": 55, "column": 55 }
      },
      "23": {
        "start": { "line": 57, "column": 2 },
        "end": { "line": 57, "column": 14 }
      },
      "24": {
        "start": { "line": 60, "column": 0 },
        "end": { "line": 66, "column": 2 }
      }
    },
    "fnMap": {
      "0": {
        "name": "createNote",
        "decl": {
          "start": { "line": 4, "column": 15 },
          "end": { "line": 4, "column": 25 }
        },
        "loc": {
          "start": { "line": 4, "column": 53 },
          "end": { "line": 18, "column": 1 }
        },
        "line": 4
      },
      "1": {
        "name": "getAllNotes",
        "decl": {
          "start": { "line": 20, "column": 15 },
          "end": { "line": 20, "column": 26 }
        },
        "loc": {
          "start": { "line": 20, "column": 39 },
          "end": { "line": 30, "column": 1 }
        },
        "line": 20
      },
      "2": {
        "name": "getNoteById",
        "decl": {
          "start": { "line": 32, "column": 15 },
          "end": { "line": 32, "column": 26 }
        },
        "loc": {
          "start": { "line": 32, "column": 31 },
          "end": { "line": 39, "column": 1 }
        },
        "line": 32
      },
      "3": {
        "name": "updateNote",
        "decl": {
          "start": { "line": 41, "column": 15 },
          "end": { "line": 41, "column": 25 }
        },
        "loc": {
          "start": { "line": 41, "column": 43 },
          "end": { "line": 49, "column": 1 }
        },
        "line": 41
      },
      "4": {
        "name": "deleteNote",
        "decl": {
          "start": { "line": 51, "column": 15 },
          "end": { "line": 51, "column": 25 }
        },
        "loc": {
          "start": { "line": 51, "column": 30 },
          "end": { "line": 58, "column": 1 }
        },
        "line": 51
      }
    },
    "branchMap": {
      "0": {
        "loc": {
          "start": { "line": 20, "column": 27 },
          "end": { "line": 20, "column": 37 }
        },
        "type": "default-arg",
        "locations": [
          {
            "start": { "line": 20, "column": 35 },
            "end": { "line": 20, "column": 37 }
          }
        ],
        "line": 20
      },
      "1": {
        "loc": {
          "start": { "line": 38, "column": 9 },
          "end": { "line": 38, "column": 31 }
        },
        "type": "binary-expr",
        "locations": [
          {
            "start": { "line": 38, "column": 9 },
            "end": { "line": 38, "column": 23 }
          },
          {
            "start": { "line": 38, "column": 27 },
            "end": { "line": 38, "column": 31 }
          }
        ],
        "line": 38
      }
    },
    "s": {
      "0": 11,
      "1": 11,
      "2": 2,
      "3": 2,
      "4": 2,
      "5": 2,
      "6": 2,
      "7": 2,
      "8": 3,
      "9": 3,
      "10": 3,
      "11": 3,
      "12": 3,
      "13": 3,
      "14": 3,
      "15": 3,
      "16": 1,
      "17": 1,
      "18": 1,
      "19": 1,
      "20": 1,
      "21": 1,
      "22": 1,
      "23": 1,
      "24": 11
    },
    "f": { "0": 2, "1": 3, "2": 3, "3": 1, "4": 1 },
    "b": { "0": [0], "1": [3, 1] },
    "_coverageSchema": "1a1c01bbd47fc00a2c39e90264f33305004495a9",
    "hash": "8f057f7a24d4488cc55074f9639b5d29de998573"
  },
  "C:\\Users\\HP\\research-collab-system\\backend\\src\\utils\\asyncHandler.js": {
    "path": "C:\\Users\\HP\\research-collab-system\\backend\\src\\utils\\asyncHandler.js",
    "statementMap": {
      "0": {
        "start": { "line": 1, "column": 21 },
        "end": { "line": 2, "column": 49 }
      },
      "1": {
        "start": { "line": 1, "column": 29 },
        "end": { "line": 2, "column": 49 }
      },
      "2": {
        "start": { "line": 2, "column": 2 },
        "end": { "line": 2, "column": 49 }
      },
      "3": {
        "start": { "line": 4, "column": 0 },
        "end": { "line": 4, "column": 34 }
      }
    },
    "fnMap": {
      "0": {
        "name": "(anonymous_0)",
        "decl": {
          "start": { "line": 1, "column": 21 },
          "end": { "line": 1, "column": 22 }
        },
        "loc": {
          "start": { "line": 1, "column": 29 },
          "end": { "line": 2, "column": 49 }
        },
        "line": 1
      },
      "1": {
        "name": "(anonymous_1)",
        "decl": {
          "start": { "line": 1, "column": 29 },
          "end": { "line": 1, "column": 30 }
        },
        "loc": {
          "start": { "line": 2, "column": 2 },
          "end": { "line": 2, "column": 49 }
        },
        "line": 2
      }
    },
    "branchMap": {},
    "s": { "0": 11, "1": 241, "2": 34, "3": 11 },
    "f": { "0": 241, "1": 34 },
    "b": {},
    "_coverageSchema": "1a1c01bbd47fc00a2c39e90264f33305004495a9",
    "hash": "3678aca9d74abff2007daa2c5ee69fb730a67817"
  },
  "C:\\Users\\HP\\research-collab-system\\backend\\src\\validators\\project.validator.js": {
    "path": "C:\\Users\\HP\\research-collab-system\\backend\\src\\validators\\project.validator.js",
    "statementMap": {
      "0": {
        "start": { "line": 1, "column": 14 },
        "end": { "line": 1, "column": 28 }
      },
      "1": {
        "start": { "line": 3, "column": 28 },
        "end": { "line": 9, "column": 2 }
      },
      "2": {
        "start": { "line": 11, "column": 28 },
        "end": { "line": 11, "column": 57 }
      },
      "3": {
        "start": { "line": 13, "column": 0 },
        "end": { "line": 13, "column": 62 }
      }
    },
    "fnMap": {},
    "branchMap": {},
    "s": { "0": 10, "1": 10, "2": 10, "3": 10 },
    "f": {},
    "b": {},
    "_coverageSchema": "1a1c01bbd47fc00a2c39e90264f33305004495a9",
    "hash": "e4afd0b2019c132b61dcd709ea663e62f2be932b"
  },
  "C:\\Users\\HP\\research-collab-system\\backend\\src\\validators\\publication.validator.js": {
    "path": "C:\\Users\\HP\\research-collab-system\\backend\\src\\validators\\publication.validator.js",
    "statementMap": {
      "0": {
        "start": { "line": 1, "column": 14 },
        "end": { "line": 1, "column": 28 }
      },
      "1": {
        "start": { "line": 3, "column": 32 },
        "end": { "line": 10, "column": 2 }
      },
      "2": {
        "start": { "line": 12, "column": 32 },
        "end": { "line": 12, "column": 65 }
      },
      "3": {
        "start": { "line": 14, "column": 0 },
        "end": { "line": 14, "column": 70 }
      }
    },
    "fnMap": {},
    "branchMap": {},
    "s": { "0": 10, "1": 10, "2": 10, "3": 10 },
    "f": {},
    "b": {},
    "_coverageSchema": "1a1c01bbd47fc00a2c39e90264f33305004495a9",
    "hash": "6c6c2d35f53bdc2436450076af09305baf1899f5"
  },
  "C:\\Users\\HP\\research-collab-system\\backend\\src\\validators\\researcher.validator.js": {
    "path": "C:\\Users\\HP\\research-collab-system\\backend\\src\\validators\\researcher.validator.js",
    "statementMap": {
      "0": {
        "start": { "line": 1, "column": 14 },
        "end": { "line": 1, "column": 28 }
      },
      "1": {
        "start": { "line": 3, "column": 31 },
        "end": { "line": 8, "column": 2 }
      },
      "2": {
        "start": { "line": 10, "column": 31 },
        "end": { "line": 10, "column": 63 }
      },
      "3": {
        "start": { "line": 12, "column": 0 },
        "end": { "line": 12, "column": 68 }
      }
    },
    "fnMap": {},
    "branchMap": {},
    "s": { "0": 10, "1": 10, "2": 10, "3": 10 },
    "f": {},
    "b": {},
    "_coverageSchema": "1a1c01bbd47fc00a2c39e90264f33305004495a9",
    "hash": "a88151ca34a0d1c1b3e5375465ea573cb5e7d654"
  }
}
