TN:
SF:src\app.js
FN:16,(anonymous_0)
FN:47,(anonymous_1)
FNF:2
FNH:2
FNDA:1,(anonymous_0)
FNDA:1,(anonymous_1)
DA:1,10
DA:2,10
DA:3,10
DA:5,10
DA:6,10
DA:7,10
DA:9,10
DA:10,10
DA:11,10
DA:13,10
DA:14,10
DA:15,10
DA:16,10
DA:19,10
DA:22,10
DA:23,10
DA:47,10
DA:48,1
DA:52,10
DA:55,10
DA:57,10
LF:21
LH:21
BRDA:22,0,0,10
BRDA:22,0,1,0
BRF:2
BRH:1
end_of_record
TN:
SF:src\logger.js
FN:11,(anonymous_0)
FNF:1
FNH:1
FNDA:36,(anonymous_0)
DA:1,10
DA:3,10
DA:5,10
DA:13,36
DA:14,36
DA:20,10
LF:6
LH:6
BRDA:6,0,0,10
BRDA:6,0,1,10
BRDA:9,1,0,0
BRDA:9,1,1,10
BRDA:13,2,0,36
BRDA:13,2,1,0
BRDA:13,3,0,36
BRDA:13,3,1,36
BRF:8
BRH:6
end_of_record
TN:
SF:src\controllers\analytics.controller.js
FN:5,toJsNumber
FN:10,(anonymous_1)
FN:40,(anonymous_2)
FNF:3
FNH:3
FNDA:1,toJsNumber
FNDA:3,(anonymous_1)
FNDA:1,(anonymous_2)
DA:1,11
DA:2,11
DA:3,11
DA:6,1
DA:7,1
DA:10,11
DA:11,3
DA:12,3
DA:14,3
DA:17,3
DA:20,3
DA:21,3
DA:22,2
DA:29,1
DA:38,1
DA:40,1
DA:47,1
DA:50,1
DA:52,1
DA:58,11
LF:20
LH:20
BRDA:6,0,0,0
BRDA:6,0,1,1
BRDA:6,1,0,1
BRDA:6,1,1,1
BRDA:7,2,0,1
BRDA:7,2,1,0
BRDA:12,3,0,3
BRDA:12,3,1,0
BRDA:14,4,0,2
BRDA:14,4,1,1
BRDA:14,5,0,3
BRDA:14,5,1,2
BRDA:21,6,0,2
BRDA:21,6,1,1
BRF:14
BRH:11
end_of_record
TN:
SF:src\controllers\analyticsEvents.controller.js
FN:3,upsertEvent
FN:32,getEventsByResearcher
FN:43,getEventsByResearcherAndYear
FN:56,getAggregateMetric
FNF:4
FNH:4
FNDA:2,upsertEvent
FNDA:1,getEventsByResearcher
FNDA:1,getEventsByResearcherAndYear
FNDA:2,getAggregateMetric
DA:1,11
DA:4,2
DA:5,2
DA:7,2
DA:13,1
DA:18,1
DA:26,1
DA:28,0
DA:33,1
DA:34,1
DA:36,1
DA:37,1
DA:39,0
DA:44,1
DA:45,1
DA:46,1
DA:50,1
DA:52,0
DA:57,2
DA:58,2
DA:59,2
DA:63,1
DA:65,1
DA:69,11
LF:24
LH:21
BRDA:7,0,0,1
BRDA:7,0,1,1
BRDA:8,1,0,2
BRDA:8,1,1,2
BRDA:8,1,2,1
BRDA:8,1,3,1
BRF:6
BRH:6
end_of_record
TN:
SF:src\controllers\analyticsRecompute.controller.js
FN:6,recomputeYear
FNF:1
FNH:1
FNDA:3,recomputeYear
DA:1,11
DA:7,3
DA:8,3
DA:9,3
DA:10,1
DA:13,2
DA:15,1
DA:20,1
DA:24,11
LF:9
LH:9
BRDA:9,0,0,1
BRDA:9,0,1,2
BRF:2
BRH:2
end_of_record
TN:
SF:src\controllers\auth.controller.js
FN:6,signToken
FN:19,(anonymous_1)
FN:91,(anonymous_2)
FN:121,(anonymous_3)
FNF:4
FNH:3
FNDA:2,signToken
FNDA:2,(anonymous_1)
FNDA:1,(anonymous_2)
FNDA:0,(anonymous_3)
DA:1,11
DA:2,11
DA:3,11
DA:4,11
DA:7,2
DA:19,11
DA:20,2
DA:23,2
DA:24,0
DA:28,2
DA:29,0
DA:34,2
DA:37,2
DA:38,2
DA:39,1
DA:43,1
DA:46,1
DA:53,1
DA:56,1
DA:65,1
DA:66,1
DA:69,1
DA:71,1
DA:83,0
DA:85,0
DA:91,11
DA:92,1
DA:94,1
DA:95,0
DA:98,1
DA:100,1
DA:101,1
DA:103,1
DA:104,1
DA:106,1
DA:108,1
DA:121,11
DA:123,0
DA:127,0
DA:129,0
LF:40
LH:32
BRDA:14,0,0,2
BRDA:14,0,1,2
BRDA:23,1,0,0
BRDA:23,1,1,2
BRDA:23,2,0,2
BRDA:23,2,1,2
BRDA:23,2,2,2
BRDA:28,3,0,0
BRDA:28,3,1,2
BRDA:38,4,0,1
BRDA:38,4,1,1
BRDA:94,5,0,0
BRDA:94,5,1,1
BRDA:94,6,0,1
BRDA:94,6,1,1
BRDA:101,7,0,0
BRDA:101,7,1,1
BRDA:104,8,0,0
BRDA:104,8,1,1
BRDA:115,9,0,1
BRDA:115,9,1,0
BRDA:127,10,0,0
BRDA:127,10,1,0
BRDA:135,11,0,0
BRDA:135,11,1,0
BRF:25
BRH:15
end_of_record
TN:
SF:src\controllers\graph.controller.js
FN:7,(anonymous_0)
FN:41,(anonymous_1)
FN:80,(anonymous_2)
FN:91,(anonymous_3)
FNF:4
FNH:4
FNDA:2,(anonymous_0)
FNDA:4,(anonymous_1)
FNDA:2,(anonymous_2)
FNDA:1,(anonymous_3)
DA:1,10
DA:2,10
DA:3,10
DA:7,10
DA:8,2
DA:10,2
DA:11,2
DA:12,1
DA:15,1
DA:22,1
DA:28,1
DA:29,1
DA:41,10
DA:42,4
DA:44,4
DA:45,1
DA:49,3
DA:50,1
DA:55,2
DA:57,2
DA:67,2
DA:68,2
DA:70,2
DA:80,10
DA:81,2
DA:83,2
DA:89,2
DA:91,2
DA:97,2
DA:100,10
LF:30
LH:30
BRDA:11,0,0,1
BRDA:11,0,1,1
BRDA:44,1,0,1
BRDA:44,1,1,3
BRDA:44,2,0,4
BRDA:44,2,1,4
BRDA:49,3,0,1
BRDA:49,3,1,2
BRDA:55,4,0,1
BRDA:55,4,1,1
BRF:10
BRH:10
end_of_record
TN:
SF:src\controllers\notes.controller.js
FN:3,create
FN:20,list
FN:30,getById
FN:43,update
FN:57,remove
FNF:5
FNH:3
FNDA:4,create
FNDA:1,list
FNDA:1,getById
FNDA:0,update
FNDA:0,remove
DA:1,11
DA:4,4
DA:5,4
DA:7,4
DA:8,1
DA:13,3
DA:14,2
DA:16,1
DA:21,1
DA:22,1
DA:23,1
DA:24,1
DA:26,0
DA:31,1
DA:32,1
DA:34,1
DA:35,1
DA:37,1
DA:39,0
DA:44,0
DA:45,0
DA:46,0
DA:48,0
DA:50,0
DA:51,0
DA:53,0
DA:58,0
DA:59,0
DA:60,0
DA:61,0
DA:63,0
DA:67,11
LF:32
LH:18
BRDA:7,0,0,1
BRDA:7,0,1,3
BRDA:7,1,0,4
BRDA:7,1,1,4
BRDA:22,2,0,1
BRDA:22,2,1,0
BRDA:35,3,0,0
BRDA:35,3,1,1
BRDA:48,4,0,0
BRDA:48,4,1,0
BRF:10
BRH:6
end_of_record
TN:
SF:src\controllers\profile.controller.js
FN:10,(anonymous_0)
FN:39,(anonymous_1)
FNF:2
FNH:2
FNDA:2,(anonymous_0)
FNDA:1,(anonymous_1)
DA:2,10
DA:6,10
DA:7,10
DA:8,10
DA:10,10
DA:11,2
DA:12,2
DA:15,2
DA:16,2
DA:17,1
DA:25,1
DA:26,1
DA:27,0
DA:31,1
DA:36,1
DA:38,1
DA:39,1
DA:47,1
DA:50,1
DA:52,1
DA:59,10
LF:21
LH:20
BRDA:16,0,0,1
BRDA:16,0,1,1
BRDA:19,1,0,0
BRDA:19,1,1,1
BRDA:26,2,0,0
BRDA:26,2,1,1
BRDA:38,3,0,1
BRDA:38,3,1,0
BRDA:54,4,0,1
BRDA:54,4,1,0
BRF:10
BRH:6
end_of_record
TN:
SF:src\controllers\project.controller.js
FN:5,(anonymous_0)
FN:10,(anonymous_1)
FN:19,(anonymous_2)
FN:30,(anonymous_3)
FN:41,(anonymous_4)
FN:48,(anonymous_5)
FN:66,(anonymous_6)
FN:80,(anonymous_7)
FNF:8
FNH:5
FNDA:0,(anonymous_0)
FNDA:1,(anonymous_1)
FNDA:2,(anonymous_2)
FNDA:0,(anonymous_3)
FNDA:0,(anonymous_4)
FNDA:3,(anonymous_5)
FNDA:4,(anonymous_6)
FNDA:1,(anonymous_7)
DA:1,10
DA:2,10
DA:3,10
DA:5,10
DA:6,0
DA:7,0
DA:10,10
DA:11,1
DA:16,1
DA:19,10
DA:20,2
DA:25,2
DA:26,1
DA:27,1
DA:30,10
DA:31,0
DA:36,0
DA:37,0
DA:38,0
DA:41,10
DA:42,0
DA:43,0
DA:44,0
DA:45,0
DA:48,10
DA:49,3
DA:52,3
DA:57,3
DA:58,1
DA:62,2
DA:66,4
DA:69,2
DA:77,2
DA:80,2
DA:88,2
DA:97,10
LF:36
LH:26
BRDA:25,0,0,1
BRDA:25,0,1,1
BRDA:36,1,0,0
BRDA:36,1,1,0
BRDA:43,2,0,0
BRDA:43,2,1,0
BRDA:57,3,0,1
BRDA:57,3,1,2
BRDA:62,4,0,2
BRDA:62,4,1,0
BRDA:80,5,0,2
BRDA:80,5,1,1
BRDA:83,6,0,0
BRDA:83,6,1,1
BRF:14
BRH:8
end_of_record
TN:
SF:src\controllers\publication.controller.js
FN:5,(anonymous_0)
FN:10,(anonymous_1)
FN:19,(anonymous_2)
FN:32,(anonymous_3)
FN:45,(anonymous_4)
FN:54,(anonymous_5)
FNF:6
FNH:6
FNDA:1,(anonymous_0)
FNDA:1,(anonymous_1)
FNDA:2,(anonymous_2)
FNDA:2,(anonymous_3)
FNDA:2,(anonymous_4)
FNDA:2,(anonymous_5)
DA:1,10
DA:2,10
DA:3,10
DA:5,10
DA:6,1
DA:7,1
DA:10,10
DA:11,1
DA:16,1
DA:19,10
DA:20,2
DA:25,2
DA:26,1
DA:29,1
DA:32,10
DA:33,2
DA:38,2
DA:39,1
DA:42,1
DA:45,10
DA:46,2
DA:47,2
DA:48,1
DA:51,1
DA:54,10
DA:55,2
DA:56,2
DA:59,2
DA:60,2
DA:61,1
DA:65,1
DA:72,1
DA:74,1
DA:77,10
LF:34
LH:34
BRDA:25,0,0,1
BRDA:25,0,1,1
BRDA:38,1,0,1
BRDA:38,1,1,1
BRDA:47,2,0,1
BRDA:47,2,1,1
BRDA:55,3,0,2
BRDA:55,3,1,0
BRDA:60,4,0,1
BRDA:60,4,1,1
BRF:10
BRH:9
end_of_record
TN:
SF:src\controllers\researcher.controller.js
FN:5,(anonymous_0)
FN:10,(anonymous_1)
FN:15,(anonymous_2)
FN:22,(anonymous_3)
FN:33,(anonymous_4)
FN:41,(anonymous_5)
FN:60,(anonymous_6)
FNF:7
FNH:4
FNDA:1,(anonymous_0)
FNDA:1,(anonymous_1)
FNDA:0,(anonymous_2)
FNDA:1,(anonymous_3)
FNDA:2,(anonymous_4)
FNDA:0,(anonymous_5)
FNDA:0,(anonymous_6)
DA:1,10
DA:2,10
DA:3,10
DA:5,10
DA:6,1
DA:7,1
DA:10,10
DA:11,1
DA:12,1
DA:15,10
DA:16,0
DA:17,0
DA:18,0
DA:19,0
DA:22,10
DA:23,1
DA:28,1
DA:29,1
DA:30,0
DA:33,10
DA:34,2
DA:35,2
DA:36,1
DA:37,1
DA:41,10
DA:42,0
DA:44,0
DA:51,0
DA:57,10
DA:60,10
DA:61,0
DA:63,0
DA:70,0
DA:77,10
LF:34
LH:23
BRDA:17,0,0,0
BRDA:17,0,1,0
BRDA:28,1,0,1
BRDA:28,1,1,0
BRDA:35,2,0,1
BRDA:35,2,1,1
BRF:6
BRH:3
end_of_record
TN:
SF:src\docs\swagger.js
FNF:0
FNH:0
DA:1,10
DA:3,10
DA:352,10
DA:357,10
DA:359,10
LF:5
LH:5
BRF:0
BRH:0
end_of_record
TN:
SF:src\domain\entities\Note.js
FN:2,(anonymous_0)
FNF:1
FNH:1
FNDA:3,(anonymous_0)
DA:3,3
DA:4,2
DA:6,1
DA:7,1
DA:8,1
DA:9,1
DA:13,1
LF:7
LH:7
BRDA:3,0,0,1
BRDA:3,0,1,2
BRDA:4,1,0,1
BRDA:4,1,1,1
BRDA:9,2,0,1
BRDA:9,2,1,1
BRF:6
BRH:6
end_of_record
TN:
SF:src\domain\usecases\CreateNote.js
FN:4,(anonymous_0)
FN:8,(anonymous_1)
FNF:2
FNH:2
FNDA:3,(anonymous_0)
FNDA:3,(anonymous_1)
DA:1,1
DA:5,3
DA:9,3
DA:10,1
DA:14,1
LF:5
LH:5
BRF:0
BRH:0
end_of_record
TN:
SF:src\middlewares\authenticate.js
FN:3,authenticate
FNF:1
FNH:1
FNDA:3,authenticate
DA:1,12
DA:3,12
DA:4,3
DA:7,3
DA:8,1
DA:13,2
DA:15,2
DA:16,2
DA:18,2
DA:19,2
DA:21,0
LF:11
LH:10
BRDA:7,0,0,1
BRDA:7,0,1,2
BRDA:7,1,0,3
BRDA:7,1,1,2
BRF:4
BRH:4
end_of_record
TN:
SF:src\middlewares\authorize.js
FN:1,authorize
FN:4,(anonymous_1)
FNF:2
FNH:2
FNDA:11,authorize
FNDA:2,(anonymous_1)
DA:1,11
DA:2,11
DA:4,11
DA:5,2
DA:7,2
DA:9,2
DA:10,1
DA:13,1
LF:8
LH:8
BRDA:1,0,0,0
BRDA:2,1,0,11
BRDA:2,1,1,0
BRDA:5,2,0,0
BRDA:5,2,1,2
BRDA:7,3,0,0
BRDA:7,3,1,2
BRDA:9,4,0,1
BRDA:9,4,1,1
BRF:9
BRH:5
end_of_record
TN:
SF:src\middlewares\errorHandler.js
FN:3,errorHandler
FNF:1
FNH:1
FNDA:4,errorHandler
DA:1,11
DA:4,4
DA:11,4
DA:12,4
DA:19,11
LF:5
LH:5
BRDA:11,0,0,4
BRDA:11,0,1,2
BRDA:11,0,2,1
BRDA:14,1,0,4
BRDA:14,1,1,1
BRF:5
BRH:5
end_of_record
TN:
SF:src\middlewares\requestLogger.js
FN:4,(anonymous_0)
FN:19,(anonymous_1)
FN:22,(anonymous_2)
FNF:3
FNH:2
FNDA:0,(anonymous_0)
FNDA:37,(anonymous_1)
FNDA:37,(anonymous_2)
DA:1,11
DA:4,11
DA:5,0
DA:6,0
DA:13,0
DA:14,0
DA:16,0
DA:19,11
DA:20,37
DA:22,37
DA:23,37
DA:25,37
DA:38,37
DA:41,11
LF:14
LH:9
BRDA:4,0,0,0
BRDA:14,1,0,0
BRDA:14,1,1,0
BRF:3
BRH:0
end_of_record
TN:
SF:src\middlewares\validate.js
FN:1,(anonymous_0)
FN:1,(anonymous_1)
FNF:2
FNH:2
FNDA:60,(anonymous_0)
FNDA:6,(anonymous_1)
DA:1,60
DA:2,6
DA:3,6
DA:4,1
DA:11,5
DA:12,5
DA:15,10
LF:7
LH:7
BRDA:3,0,0,1
BRDA:3,0,1,5
BRF:2
BRH:2
end_of_record
TN:
SF:src\models\Project.js
FNF:0
FNH:0
DA:1,7
DA:3,7
DA:24,7
LF:3
LH:3
BRF:0
BRH:0
end_of_record
TN:
SF:src\models\Publication.js
FNF:0
FNH:0
DA:1,8
DA:3,8
DA:25,8
LF:3
LH:3
BRF:0
BRH:0
end_of_record
TN:
SF:src\models\Researcher.js
FNF:0
FNH:0
DA:1,6
DA:3,6
DA:21,6
LF:3
LH:3
BRF:0
BRH:0
end_of_record
TN:
SF:src\models\User.js
FNF:0
FNH:0
DA:1,10
DA:3,10
DA:28,10
LF:3
LH:3
BRF:0
BRH:0
end_of_record
TN:
SF:src\routes\analytics.routes.js
FNF:0
FNH:0
DA:1,10
DA:3,10
DA:4,10
DA:5,10
DA:46,10
DA:51,10
DA:53,10
DA:55,10
DA:61,10
DA:67,10
DA:73,10
LF:11
LH:11
BRF:0
BRH:0
end_of_record
TN:
SF:src\routes\auth.routes.js
FNF:0
FNH:0
DA:1,11
DA:2,11
DA:3,11
DA:5,11
DA:6,11
DA:7,11
DA:9,11
LF:7
LH:7
BRF:0
BRH:0
end_of_record
TN:
SF:src\routes\graph.routes.js
FNF:0
FNH:0
DA:1,10
DA:2,10
DA:100,10
DA:103,10
DA:106,10
DA:108,10
LF:6
LH:6
BRF:0
BRH:0
end_of_record
TN:
SF:src\routes\index.js
FNF:0
FNH:0
DA:1,10
DA:3,10
DA:5,10
DA:7,10
DA:9,10
DA:10,10
DA:11,10
DA:12,10
DA:13,10
DA:14,10
DA:15,10
DA:16,10
DA:18,10
LF:13
LH:13
BRF:0
BRH:0
end_of_record
TN:
SF:src\routes\notes.routes.js
FNF:0
FNH:0
DA:1,10
DA:2,10
DA:5,10
DA:8,10
DA:11,10
DA:14,10
DA:17,10
DA:19,10
LF:8
LH:8
BRF:0
BRH:0
end_of_record
TN:
SF:src\routes\profile.routes.js
FNF:0
FNH:0
DA:1,10
DA:2,10
DA:37,10
DA:39,10
LF:4
LH:4
BRF:0
BRH:0
end_of_record
TN:
SF:src\routes\projects.routes.js
FNF:0
FNH:0
DA:1,10
DA:2,10
DA:3,10
DA:7,10
DA:8,10
DA:9,10
DA:167,10
DA:168,10
DA:169,10
DA:170,10
DA:171,10
DA:172,10
DA:174,10
LF:13
LH:13
BRF:0
BRH:0
end_of_record
TN:
SF:src\routes\publications.routes.js
FNF:0
FNH:0
DA:1,10
DA:2,10
DA:3,10
DA:7,10
DA:170,10
DA:172,10
DA:173,10
DA:174,10
DA:175,10
DA:176,10
DA:178,10
LF:11
LH:11
BRF:0
BRH:0
end_of_record
TN:
SF:src\routes\researchers.routes.js
FNF:0
FNH:0
DA:1,10
DA:2,10
DA:3,10
DA:7,10
DA:200,10
DA:201,10
DA:203,10
DA:204,10
DA:205,10
DA:206,10
DA:207,10
DA:209,10
LF:12
LH:12
BRF:0
BRH:0
end_of_record
TN:
SF:src\services\analyticsEvents.service.js
FN:3,upsertEvent
FN:26,getEventsByResearcher
FN:39,getEventsByResearcherAndYear
FN:55,getAggregateMetric
FN:57,(anonymous_4)
FN:58,(anonymous_5)
FNF:6
FNH:6
FNDA:1,upsertEvent
FNDA:3,getEventsByResearcher
FNDA:1,getEventsByResearcherAndYear
FNDA:1,getAggregateMetric
FNDA:1,(anonymous_4)
FNDA:1,(anonymous_5)
DA:1,11
DA:10,1
DA:12,1
DA:13,1
DA:14,1
DA:16,1
DA:21,1
DA:27,3
DA:29,3
DA:35,3
DA:36,2
DA:40,1
DA:41,1
DA:43,1
DA:49,1
DA:52,1
DA:56,1
DA:57,1
DA:58,1
DA:60,1
DA:63,11
LF:21
LH:21
BRDA:14,0,0,1
BRDA:14,0,1,0
BRDA:58,1,0,1
BRDA:58,1,1,1
BRF:4
BRH:3
end_of_record
TN:
SF:src\services\analyticsRecompute.service.js
FN:16,recomputePublicationsPerYear
FNF:1
FNH:1
FNDA:3,recomputePublicationsPerYear
DA:1,11
DA:2,11
DA:3,11
DA:17,3
DA:18,3
DA:21,2
DA:27,1
DA:29,1
DA:30,2
DA:31,2
DA:32,3
DA:33,3
DA:38,1
DA:40,1
DA:41,2
DA:47,2
DA:50,1
DA:57,11
LF:18
LH:18
BRDA:18,0,0,1
BRDA:18,0,1,2
BRDA:30,1,0,2
BRDA:30,1,1,0
BRDA:33,2,0,3
BRDA:33,2,1,2
BRF:6
BRH:5
end_of_record
TN:
SF:src\services\cache.service.js
FN:4,(anonymous_0)
FN:21,(anonymous_1)
FNF:2
FNH:2
FNDA:3,(anonymous_0)
FNDA:2,(anonymous_1)
DA:2,9
DA:4,9
DA:5,3
DA:8,3
DA:10,2
DA:11,2
DA:13,1
DA:14,1
DA:17,0
DA:21,9
DA:22,2
DA:25,2
DA:29,2
DA:32,9
LF:14
LH:13
BRDA:8,0,0,1
BRDA:8,0,1,2
BRDA:8,1,0,3
BRDA:8,1,1,3
BRDA:11,2,0,1
BRDA:11,2,1,1
BRDA:21,3,0,1
BRDA:25,4,0,0
BRDA:25,4,1,2
BRDA:25,5,0,2
BRDA:25,5,1,2
BRF:11
BRH:10
end_of_record
TN:
SF:src\services\neo4j.service.js
FN:4,isNeo4jEnabled
FN:9,runQuery
FN:27,runQueryOptional
FNF:3
FNH:1
FNDA:0,isNeo4jEnabled
FNDA:2,runQuery
FNDA:0,runQueryOptional
DA:1,8
DA:5,0
DA:11,2
DA:12,0
DA:13,0
DA:14,0
DA:17,2
DA:18,2
DA:19,2
DA:20,1
DA:22,2
DA:28,0
DA:31,0
DA:32,0
DA:33,0
DA:36,0
DA:38,0
DA:42,8
LF:18
LH:8
BRDA:9,0,0,0
BRDA:11,1,0,0
BRDA:11,1,1,2
BRDA:27,2,0,0
BRDA:28,3,0,0
BRDA:28,3,1,0
BRDA:38,4,0,0
BRDA:38,4,1,0
BRF:8
BRH:1
end_of_record
TN:
SF:src\services\notes.service.js
FN:4,createNote
FN:20,getAllNotes
FN:32,getNoteById
FN:41,updateNote
FN:51,deleteNote
FNF:5
FNH:5
FNDA:2,createNote
FNDA:3,getAllNotes
FNDA:3,getNoteById
FNDA:1,updateNote
FNDA:1,deleteNote
DA:1,11
DA:2,11
DA:5,2
DA:6,2
DA:7,2
DA:9,2
DA:13,2
DA:17,2
DA:21,3
DA:24,3
DA:25,3
DA:29,3
DA:33,3
DA:35,3
DA:36,3
DA:38,3
DA:42,1
DA:45,1
DA:46,1
DA:48,1
DA:52,1
DA:54,1
DA:55,1
DA:57,1
DA:60,11
LF:25
LH:25
BRDA:20,0,0,0
BRDA:38,1,0,3
BRDA:38,1,1,1
BRF:3
BRH:2
end_of_record
TN:
SF:src\utils\asyncHandler.js
FN:1,(anonymous_0)
FN:1,(anonymous_1)
FNF:2
FNH:2
FNDA:241,(anonymous_0)
FNDA:34,(anonymous_1)
DA:1,241
DA:2,34
DA:4,11
LF:3
LH:3
BRF:0
BRH:0
end_of_record
TN:
SF:src\validators\project.validator.js
FNF:0
FNH:0
DA:1,10
DA:3,10
DA:11,10
DA:13,10
LF:4
LH:4
BRF:0
BRH:0
end_of_record
TN:
SF:src\validators\publication.validator.js
FNF:0
FNH:0
DA:1,10
DA:3,10
DA:12,10
DA:14,10
LF:4
LH:4
BRF:0
BRH:0
end_of_record
TN:
SF:src\validators\researcher.validator.js
FNF:0
FNH:0
DA:1,10
DA:3,10
DA:10,10
DA:12,10
LF:4
LH:4
BRF:0
BRH:0
end_of_record
